<?xml version="1.0" encoding="UTF-8"?>
<!-- Generated by org.testng.reporters.JUnitXMLReporter -->
<testsuite hostname="Admin-PC" ignored="0" name="BasicFlowTest" tests="5" failures="0" timestamp="12 Dec 2018 06:40:36 GMT" time="1187.587" errors="0">
  <testcase name="TicketFlowUptoTechClose" time="228.97" classname="com.uno.test.BasicFlowTest"/>
  <testcase name="TicketFlowUptoTechClose" time="260.486" classname="com.uno.test.BasicFlowTest"/>
  <testcase name="TicketFlowUptoTechClose" time="221.088" classname="com.uno.test.BasicFlowTest"/>
  <testcase name="TicketFlowUptoTechClose" time="219.024" classname="com.uno.test.BasicFlowTest"/>
  <testcase name="TicketFlowUptoTechClose" time="219.229" classname="com.uno.test.BasicFlowTest"/>
</testsuite> <!-- BasicFlowTest -->
