<?xml version="1.0" encoding="UTF-8"?>
<!-- Generated by org.testng.reporters.JUnitXMLReporter -->
<testsuite hostname="Admin-PC" ignored="34" name="FirefoxTest" tests="10" failures="0" timestamp="06 Nov 2018 06:16:49 GMT" time="93.35" errors="0">
  <testcase name="DisplayNotificationWithoutETAinATATab" time="16.513" classname="com.uno.testCases.sd.SD_EditTicketTest"/>
  <testcase name="CheckATADateAndTimeWithIncidentDateAndTime" time="24.889" classname="com.uno.testCases.sd.SD_EditTicketTest"/>
  <testcase name="CheckATADateAndTimeWithETADateAndTime" time="7.779" classname="com.uno.testCases.sd.SD_EditTicketTest"/>
  <testcase name="DisplayAlertWithoutSelectMachineAvailable" time="3.139" classname="com.uno.testCases.sd.SD_EditTicketTest"/>
  <testcase name="MatchUpdatedDetailesOfATA" time="7.542" classname="com.uno.testCases.sd.SD_EditTicketTest"/>
  <testcase name="OpenPauseDetailsPage" time="0.77" classname="com.uno.testCases.sd.SD_EditTicketTest"/>
  <testcase name="CheckAutoResumeDateField" time="0.101" classname="com.uno.testCases.sd.SD_EditTicketTest"/>
  <testcase name="DisplayListOfPauseReasonsPopup" time="0.622" classname="com.uno.testCases.sd.SD_EditTicketTest"/>
  <testcase name="MatchResumeDateAndTimeAndPauseReason" time="9.762" classname="com.uno.testCases.sd.SD_EditTicketTest"/>
  <testcase name="DisplayNotificationWhenTicketPause" time="0.778" classname="com.uno.testCases.sd.SD_EditTicketTest"/>
  <testcase name="CheckCancelButtonWithAllFieldFill" time="0.0" classname="com.uno.testCases.sd.SD_EditTicketTest">
    <ignored/>
  </testcase> <!-- CheckCancelButtonWithAllFieldFill -->
  <testcase name="CheckRemoveDetailsInRequiredSpareTab" time="0.0" classname="com.uno.testCases.sd.SD_EditTicketTest">
    <ignored/>
  </testcase> <!-- CheckRemoveDetailsInRequiredSpareTab -->
  <testcase name="CheckCCTtab" time="0.0" classname="com.uno.testCases.sd.SD_EditTicketTest">
    <ignored/>
  </testcase> <!-- CheckCCTtab -->
  <testcase name="CheckWithoutSelectingActivityStatus" time="0.0" classname="com.uno.testCases.sd.SD_EditTicketTest">
    <ignored/>
  </testcase> <!-- CheckWithoutSelectingActivityStatus -->
  <testcase name="PauseTheTicketAutomatically" time="0.0" classname="com.uno.testCases.sd.SD_EditTicketTest">
    <ignored/>
  </testcase> <!-- PauseTheTicketAutomatically -->
  <testcase name="CheckNotificationWithSelectionInSpareTab" time="0.0" classname="com.uno.testCases.sd.SD_EditTicketTest">
    <ignored/>
  </testcase> <!-- CheckNotificationWithSelectionInSpareTab -->
  <testcase name="CheckResolutionFieldIsNotEditable" time="0.0" classname="com.uno.testCases.sd.SD_EditTicketTest">
    <ignored/>
  </testcase> <!-- CheckResolutionFieldIsNotEditable -->
  <testcase name="CheckAlertPopupAfterCancel" time="0.0" classname="com.uno.testCases.sd.SD_EditTicketTest">
    <ignored/>
  </testcase> <!-- CheckAlertPopupAfterCancel -->
  <testcase name="CheckUpdateButtonWithEnteringData" time="0.0" classname="com.uno.testCases.sd.SD_EditTicketTest">
    <ignored/>
  </testcase> <!-- CheckUpdateButtonWithEnteringData -->
  <testcase name="MatchAddActivityPopUp" time="0.0" classname="com.uno.testCases.sd.SD_EditTicketTest">
    <ignored/>
  </testcase> <!-- MatchAddActivityPopUp -->
  <testcase name="CountTotalPauseTimeInPauseTab" time="0.0" classname="com.uno.testCases.sd.SD_EditTicketTest">
    <ignored/>
  </testcase> <!-- CountTotalPauseTimeInPauseTab -->
  <testcase name="CheckRemarkInRemarkTab" time="0.0" classname="com.uno.testCases.sd.SD_EditTicketTest">
    <ignored/>
  </testcase> <!-- CheckRemarkInRemarkTab -->
  <testcase name="checkSubmitButtonWithBlankDate" time="0.0" classname="com.uno.testCases.sd.SD_EditTicketTest">
    <ignored/>
  </testcase> <!-- checkSubmitButtonWithBlankDate -->
  <testcase name="CheckWithoutSelectingActivityDetails" time="0.0" classname="com.uno.testCases.sd.SD_EditTicketTest">
    <ignored/>
  </testcase> <!-- CheckWithoutSelectingActivityDetails -->
  <testcase name="checkVendorCommercialPaymentDetailsPopUp" time="0.0" classname="com.uno.testCases.sd.SD_EditTicketTest">
    <ignored/>
  </testcase> <!-- checkVendorCommercialPaymentDetailsPopUp -->
  <testcase name="DisplayTotalPauseTimeWhenTicketOpen" time="0.0" classname="com.uno.testCases.sd.SD_EditTicketTest">
    <ignored/>
  </testcase> <!-- DisplayTotalPauseTimeWhenTicketOpen -->
  <testcase name="checkCreateSubTicketAndViewSubTicketForPause" time="0.0" classname="com.uno.testCases.sd.SD_EditTicketTest">
    <ignored/>
  </testcase> <!-- checkCreateSubTicketAndViewSubTicketForPause -->
  <testcase name="CheckPopupOfUpdateSymbolInSpareTab" time="0.0" classname="com.uno.testCases.sd.SD_EditTicketTest">
    <ignored/>
  </testcase> <!-- CheckPopupOfUpdateSymbolInSpareTab -->
  <testcase name="CheckSubmitButtonWithAllFieldFill" time="0.0" classname="com.uno.testCases.sd.SD_EditTicketTest">
    <ignored/>
  </testcase> <!-- CheckSubmitButtonWithAllFieldFill -->
  <testcase name="MatchDateAndTime" time="0.0" classname="com.uno.testCases.sd.SD_EditTicketTest">
    <ignored/>
  </testcase> <!-- MatchDateAndTime -->
  <testcase name="CheckAlertPopup" time="0.0" classname="com.uno.testCases.sd.SD_EditTicketTest">
    <ignored/>
  </testcase> <!-- CheckAlertPopup -->
  <testcase name="CheckNotificationWithoutSelectionInSpareDetailsPage" time="0.0" classname="com.uno.testCases.sd.SD_EditTicketTest">
    <ignored/>
  </testcase> <!-- CheckNotificationWithoutSelectionInSpareDetailsPage -->
  <testcase name="displayNotificationWithoutPunchingETAAndATAInPauseTab" time="0.0" classname="com.uno.testCases.sd.SD_EditTicketTest">
    <ignored/>
  </testcase> <!-- displayNotificationWithoutPunchingETAAndATAInPauseTab -->
  <testcase name="CheckWithBlankCancelReasonField" time="0.0" classname="com.uno.testCases.sd.SD_EditTicketTest">
    <ignored/>
  </testcase> <!-- CheckWithBlankCancelReasonField -->
  <testcase name="CheckUpdatedSpareRemarkInSpareTab" time="0.0" classname="com.uno.testCases.sd.SD_EditTicketTest">
    <ignored/>
  </testcase> <!-- CheckUpdatedSpareRemarkInSpareTab -->
  <testcase name="CheckAlertMessageWithoutETA" time="0.0" classname="com.uno.testCases.sd.SD_EditTicketTest">
    <ignored/>
  </testcase> <!-- CheckAlertMessageWithoutETA -->
  <testcase name="OpenSpareDetailsPage" time="0.0" classname="com.uno.testCases.sd.SD_EditTicketTest">
    <ignored/>
  </testcase> <!-- OpenSpareDetailsPage -->
  <testcase name="CheckAlertMessageWithoutATA" time="0.0" classname="com.uno.testCases.sd.SD_EditTicketTest">
    <ignored/>
  </testcase> <!-- CheckAlertMessageWithoutATA -->
  <testcase name="CheckSubmitButtonWithoutSelectingStatus" time="0.0" classname="com.uno.testCases.sd.SD_EditTicketTest">
    <ignored/>
  </testcase> <!-- CheckSubmitButtonWithoutSelectingStatus -->
  <testcase name="CheckWithBlankDate" time="0.0" classname="com.uno.testCases.sd.SD_EditTicketTest">
    <ignored/>
  </testcase> <!-- CheckWithBlankDate -->
  <testcase name="CheckFileAttachmentFunctionality" time="0.0" classname="com.uno.testCases.sd.SD_EditTicketTest">
    <ignored/>
  </testcase> <!-- CheckFileAttachmentFunctionality -->
  <testcase name="CheckAlertPopupWithoutData" time="0.0" classname="com.uno.testCases.sd.SD_EditTicketTest">
    <ignored/>
  </testcase> <!-- CheckAlertPopupWithoutData -->
  <testcase name="CheckUpdateDetailFunctionality" time="0.0" classname="com.uno.testCases.sd.SD_EditTicketTest">
    <ignored/>
  </testcase> <!-- CheckUpdateDetailFunctionality -->
  <testcase name="CheckCancelTicketDetailPOpUp" time="0.0" classname="com.uno.testCases.sd.SD_EditTicketTest">
    <ignored/>
  </testcase> <!-- CheckCancelTicketDetailPOpUp -->
</testsuite> <!-- FirefoxTest -->
