<?xml version="1.0" encoding="UTF-8"?>
<!-- Generated by org.testng.reporters.JUnitXMLReporter -->
<testsuite hostname="Admin-PC" ignored="0" name="SD_LoginTest" tests="13" failures="0" timestamp="12 Nov 2018 04:34:48 GMT" time="47.949" errors="0">
  <testcase name="TestLoginPageTitle" time="0.416" classname="com.uno.test.sd.SD_LoginTest"/>
  <testcase name="CheckTeamButton" time="0.288" classname="com.uno.test.sd.SD_LoginTest"/>
  <testcase name="CheckLoginButtonWithBlankData" time="0.218" classname="com.uno.test.sd.SD_LoginTest"/>
  <testcase name="CheckWithWrongLoginCredentials" time="2.029" classname="com.uno.test.sd.SD_LoginTest"/>
  <testcase name="CheckWithWrongLoginCredentials" time="1.221" classname="com.uno.test.sd.SD_LoginTest"/>
  <testcase name="CheckWithWrongLoginCredentials" time="5.041" classname="com.uno.test.sd.SD_LoginTest"/>
  <testcase name="CheckWithWrongLoginCredentials" time="4.966" classname="com.uno.test.sd.SD_LoginTest"/>
  <testcase name="SelectCustomer" time="2.257" classname="com.uno.test.sd.SD_LoginTest"/>
  <testcase name="CheckAfterSkip" time="4.266" classname="com.uno.test.sd.SD_LoginTest"/>
  <testcase name="CheckForgotPasswordLinkWithUsername" time="5.339" classname="com.uno.test.sd.SD_LoginTest"/>
  <testcase name="CheckWithAllFieldFill" time="2.168" classname="com.uno.test.sd.SD_LoginTest"/>
  <testcase name="checkWithWrongData" time="2.375" classname="com.uno.test.sd.SD_LoginTest"/>
  <testcase name="TestLoginPage" time="3.701" classname="com.uno.test.sd.SD_LoginTest"/>
</testsuite> <!-- SD_LoginTest -->
