<?xml version="1.0" encoding="UTF-8"?>
<!-- Generated by org.testng.reporters.JUnitXMLReporter -->
<testsuite hostname="Admin-PC" ignored="115" name="ETA and Technician Tab" tests="15" failures="15" timestamp="18 Jun 2018 12:15:44 GMT" time="15.251" errors="0">
  <testcase name="CheckETATechnician" time="1.004" classname="com.UnoPoint.TestCases.ViewTicketPageTestCaseOfSdRole">
    <failure type="org.openqa.selenium.remote.UnreachableBrowserException" message="Error communicating with the remote browser. It may have died.
Build info: version: &amp;apos;2.53.0&amp;apos;, revision: &amp;apos;35ae25b1534ae328c771e0856c93e187490ca824&amp;apos;, time: &amp;apos;2016-03-15 10:43:46&amp;apos;
System info: host: &amp;apos;Admin-PC&amp;apos;, ip: &amp;apos;192.168.3.15&amp;apos;, os.name: &amp;apos;Windows 7&amp;apos;, os.arch: &amp;apos;amd64&amp;apos;, os.version: &amp;apos;6.1&amp;apos;, java.version: &amp;apos;1.8.0_161&amp;apos;
Driver info: driver.version: RemoteWebDriver
Capabilities [{applicationCacheEnabled=true, rotatable=false, handlesAlerts=true, databaseEnabled=true, version=45.0.1, platform=WINDOWS, nativeEvents=false, acceptSslCerts=true, webStorageEnabled=true, locationContextEnabled=true, browserName=firefox, takesScreenshot=true, javascriptEnabled=true, cssSelectorsEnabled=true}]
Session ID: f8257738-62e5-4e36-87b9-0af6a038ea07">
      <![CDATA[org.openqa.selenium.remote.UnreachableBrowserException: Error communicating with the remote browser. It may have died.
Build info: version: '2.53.0', revision: '35ae25b1534ae328c771e0856c93e187490ca824', time: '2016-03-15 10:43:46'
System info: host: 'Admin-PC', ip: '192.168.3.15', os.name: 'Windows 7', os.arch: 'amd64', os.version: '6.1', java.version: '1.8.0_161'
Driver info: driver.version: RemoteWebDriver
Capabilities [{applicationCacheEnabled=true, rotatable=false, handlesAlerts=true, databaseEnabled=true, version=45.0.1, platform=WINDOWS, nativeEvents=false, acceptSslCerts=true, webStorageEnabled=true, locationContextEnabled=true, browserName=firefox, takesScreenshot=true, javascriptEnabled=true, cssSelectorsEnabled=true}]
Session ID: f8257738-62e5-4e36-87b9-0af6a038ea07
at org.openqa.selenium.remote.RemoteWebDriver.execute(RemoteWebDriver.java:665)
at org.openqa.selenium.remote.RemoteWebDriver.execute(RemoteWebDriver.java:701)
at org.openqa.selenium.remote.RemoteWebDriver.getWindowHandle(RemoteWebDriver.java:555)
at com.UnoPoint.Pages.ViewTicketPageOfSdRole.checkETATechnician(ViewTicketPageOfSdRole.java:4740)
at com.UnoPoint.TestCases.ViewTicketPageTestCaseOfSdRole.CheckETATechnician(ViewTicketPageTestCaseOfSdRole.java:532)
Caused by: org.apache.http.conn.HttpHostConnectException: Connect to 127.0.0.1:7059 [/127.0.0.1] failed: Connection refused: connect
at org.apache.http.impl.conn.DefaultHttpClientConnectionOperator.connect(DefaultHttpClientConnectionOperator.java:151)
at org.apache.http.impl.conn.PoolingHttpClientConnectionManager.connect(PoolingHttpClientConnectionManager.java:353)
at org.apache.http.impl.execchain.MainClientExec.establishRoute(MainClientExec.java:380)
at org.apache.http.impl.execchain.MainClientExec.execute(MainClientExec.java:236)
at org.apache.http.impl.execchain.ProtocolExec.execute(ProtocolExec.java:184)
at org.apache.http.impl.execchain.RetryExec.execute(RetryExec.java:88)
at org.apache.http.impl.execchain.RedirectExec.execute(RedirectExec.java:110)
at org.apache.http.impl.client.InternalHttpClient.doExecute(InternalHttpClient.java:184)
at org.apache.http.impl.client.CloseableHttpClient.execute(CloseableHttpClient.java:71)
at org.apache.http.impl.client.CloseableHttpClient.execute(CloseableHttpClient.java:55)
at org.openqa.selenium.remote.internal.ApacheHttpClient.fallBackExecute(ApacheHttpClient.java:144)
at org.openqa.selenium.remote.internal.ApacheHttpClient.execute(ApacheHttpClient.java:90)
at org.openqa.selenium.remote.HttpCommandExecutor.execute(HttpCommandExecutor.java:142)
at org.openqa.selenium.firefox.internal.NewProfileExtensionConnection.execute(NewProfileExtensionConnection.java:160)
at org.openqa.selenium.firefox.FirefoxDriver$LazyCommandExecutor.execute(FirefoxDriver.java:380)
at org.openqa.selenium.remote.RemoteWebDriver.execute(RemoteWebDriver.java:644)
... 29 more
Caused by: java.net.ConnectException: Connection refused: connect
at java.net.DualStackPlainSocketImpl.waitForConnect(Native Method)
at java.net.DualStackPlainSocketImpl.socketConnect(Unknown Source)
at java.net.AbstractPlainSocketImpl.doConnect(Unknown Source)
at java.net.AbstractPlainSocketImpl.connectToAddress(Unknown Source)
at java.net.AbstractPlainSocketImpl.connect(Unknown Source)
at java.net.PlainSocketImpl.connect(Unknown Source)
at java.net.SocksSocketImpl.connect(Unknown Source)
at java.net.Socket.connect(Unknown Source)
at org.apache.http.conn.socket.PlainConnectionSocketFactory.connectSocket(PlainConnectionSocketFactory.java:74)
at org.apache.http.impl.conn.DefaultHttpClientConnectionOperator.connect(DefaultHttpClientConnectionOperator.java:134)
... 44 more
... Removed 25 stack frames]]>
    </failure>
  </testcase> <!-- CheckETATechnician -->
  <testcase name="DisplayTechnicianAssignAndETADetails" time="1.005" classname="com.UnoPoint.TestCases.ViewTicketPageTestCaseOfSdRole">
    <failure type="org.openqa.selenium.remote.UnreachableBrowserException" message="Error communicating with the remote browser. It may have died.
Build info: version: &amp;apos;2.53.0&amp;apos;, revision: &amp;apos;35ae25b1534ae328c771e0856c93e187490ca824&amp;apos;, time: &amp;apos;2016-03-15 10:43:46&amp;apos;
System info: host: &amp;apos;Admin-PC&amp;apos;, ip: &amp;apos;192.168.3.15&amp;apos;, os.name: &amp;apos;Windows 7&amp;apos;, os.arch: &amp;apos;amd64&amp;apos;, os.version: &amp;apos;6.1&amp;apos;, java.version: &amp;apos;1.8.0_161&amp;apos;
Driver info: driver.version: RemoteWebDriver
Capabilities [{applicationCacheEnabled=true, rotatable=false, handlesAlerts=true, databaseEnabled=true, version=45.0.1, platform=WINDOWS, nativeEvents=false, acceptSslCerts=true, webStorageEnabled=true, locationContextEnabled=true, browserName=firefox, takesScreenshot=true, javascriptEnabled=true, cssSelectorsEnabled=true}]
Session ID: f8257738-62e5-4e36-87b9-0af6a038ea07">
      <![CDATA[org.openqa.selenium.remote.UnreachableBrowserException: Error communicating with the remote browser. It may have died.
Build info: version: '2.53.0', revision: '35ae25b1534ae328c771e0856c93e187490ca824', time: '2016-03-15 10:43:46'
System info: host: 'Admin-PC', ip: '192.168.3.15', os.name: 'Windows 7', os.arch: 'amd64', os.version: '6.1', java.version: '1.8.0_161'
Driver info: driver.version: RemoteWebDriver
Capabilities [{applicationCacheEnabled=true, rotatable=false, handlesAlerts=true, databaseEnabled=true, version=45.0.1, platform=WINDOWS, nativeEvents=false, acceptSslCerts=true, webStorageEnabled=true, locationContextEnabled=true, browserName=firefox, takesScreenshot=true, javascriptEnabled=true, cssSelectorsEnabled=true}]
Session ID: f8257738-62e5-4e36-87b9-0af6a038ea07
at org.openqa.selenium.remote.RemoteWebDriver.execute(RemoteWebDriver.java:665)
at org.openqa.selenium.remote.RemoteWebDriver.findElement(RemoteWebDriver.java:363)
at org.openqa.selenium.remote.RemoteWebDriver.findElementByClassName(RemoteWebDriver.java:477)
at org.openqa.selenium.By$ByClassName.findElement(By.java:391)
at org.openqa.selenium.remote.RemoteWebDriver.findElement(RemoteWebDriver.java:355)
at org.openqa.selenium.support.pagefactory.DefaultElementLocator.findElement(DefaultElementLocator.java:69)
at org.openqa.selenium.support.pagefactory.internal.LocatingElementHandler.invoke(LocatingElementHandler.java:38)
at com.sun.proxy.$Proxy11.click(Unknown Source)
at com.UnoPoint.Pages.ViewTicketPageOfSdRole.displayTechnicianAssignAndETADetails(ViewTicketPageOfSdRole.java:4927)
at com.UnoPoint.TestCases.ViewTicketPageTestCaseOfSdRole.DisplayTechnicianAssignAndETADetails(ViewTicketPageTestCaseOfSdRole.java:541)
Caused by: org.apache.http.conn.HttpHostConnectException: Connect to 127.0.0.1:7059 [/127.0.0.1] failed: Connection refused: connect
at org.apache.http.impl.conn.DefaultHttpClientConnectionOperator.connect(DefaultHttpClientConnectionOperator.java:151)
at org.apache.http.impl.conn.PoolingHttpClientConnectionManager.connect(PoolingHttpClientConnectionManager.java:353)
at org.apache.http.impl.execchain.MainClientExec.establishRoute(MainClientExec.java:380)
at org.apache.http.impl.execchain.MainClientExec.execute(MainClientExec.java:236)
at org.apache.http.impl.execchain.ProtocolExec.execute(ProtocolExec.java:184)
at org.apache.http.impl.execchain.RetryExec.execute(RetryExec.java:88)
at org.apache.http.impl.execchain.RedirectExec.execute(RedirectExec.java:110)
at org.apache.http.impl.client.InternalHttpClient.doExecute(InternalHttpClient.java:184)
at org.apache.http.impl.client.CloseableHttpClient.execute(CloseableHttpClient.java:71)
at org.apache.http.impl.client.CloseableHttpClient.execute(CloseableHttpClient.java:55)
at org.openqa.selenium.remote.internal.ApacheHttpClient.fallBackExecute(ApacheHttpClient.java:144)
at org.openqa.selenium.remote.internal.ApacheHttpClient.execute(ApacheHttpClient.java:90)
at org.openqa.selenium.remote.HttpCommandExecutor.execute(HttpCommandExecutor.java:142)
at org.openqa.selenium.firefox.internal.NewProfileExtensionConnection.execute(NewProfileExtensionConnection.java:160)
at org.openqa.selenium.firefox.FirefoxDriver$LazyCommandExecutor.execute(FirefoxDriver.java:380)
at org.openqa.selenium.remote.RemoteWebDriver.execute(RemoteWebDriver.java:644)
... 34 more
Caused by: java.net.ConnectException: Connection refused: connect
at java.net.DualStackPlainSocketImpl.waitForConnect(Native Method)
at java.net.DualStackPlainSocketImpl.socketConnect(Unknown Source)
at java.net.AbstractPlainSocketImpl.doConnect(Unknown Source)
at java.net.AbstractPlainSocketImpl.connectToAddress(Unknown Source)
at java.net.AbstractPlainSocketImpl.connect(Unknown Source)
at java.net.PlainSocketImpl.connect(Unknown Source)
at java.net.SocksSocketImpl.connect(Unknown Source)
at java.net.Socket.connect(Unknown Source)
at org.apache.http.conn.socket.PlainConnectionSocketFactory.connectSocket(PlainConnectionSocketFactory.java:74)
at org.apache.http.impl.conn.DefaultHttpClientConnectionOperator.connect(DefaultHttpClientConnectionOperator.java:134)
... 49 more
... Removed 25 stack frames]]>
    </failure>
  </testcase> <!-- DisplayTechnicianAssignAndETADetails -->
  <testcase name="CheckWithBlankTechnician" time="1.005" classname="com.UnoPoint.TestCases.ViewTicketPageTestCaseOfSdRole">
    <failure type="org.openqa.selenium.remote.UnreachableBrowserException" message="Error communicating with the remote browser. It may have died.
Build info: version: &amp;apos;2.53.0&amp;apos;, revision: &amp;apos;35ae25b1534ae328c771e0856c93e187490ca824&amp;apos;, time: &amp;apos;2016-03-15 10:43:46&amp;apos;
System info: host: &amp;apos;Admin-PC&amp;apos;, ip: &amp;apos;192.168.3.15&amp;apos;, os.name: &amp;apos;Windows 7&amp;apos;, os.arch: &amp;apos;amd64&amp;apos;, os.version: &amp;apos;6.1&amp;apos;, java.version: &amp;apos;1.8.0_161&amp;apos;
Driver info: driver.version: RemoteWebDriver
Capabilities [{applicationCacheEnabled=true, rotatable=false, handlesAlerts=true, databaseEnabled=true, version=45.0.1, platform=WINDOWS, nativeEvents=false, acceptSslCerts=true, webStorageEnabled=true, locationContextEnabled=true, browserName=firefox, takesScreenshot=true, javascriptEnabled=true, cssSelectorsEnabled=true}]
Session ID: f8257738-62e5-4e36-87b9-0af6a038ea07">
      <![CDATA[org.openqa.selenium.remote.UnreachableBrowserException: Error communicating with the remote browser. It may have died.
Build info: version: '2.53.0', revision: '35ae25b1534ae328c771e0856c93e187490ca824', time: '2016-03-15 10:43:46'
System info: host: 'Admin-PC', ip: '192.168.3.15', os.name: 'Windows 7', os.arch: 'amd64', os.version: '6.1', java.version: '1.8.0_161'
Driver info: driver.version: RemoteWebDriver
Capabilities [{applicationCacheEnabled=true, rotatable=false, handlesAlerts=true, databaseEnabled=true, version=45.0.1, platform=WINDOWS, nativeEvents=false, acceptSslCerts=true, webStorageEnabled=true, locationContextEnabled=true, browserName=firefox, takesScreenshot=true, javascriptEnabled=true, cssSelectorsEnabled=true}]
Session ID: f8257738-62e5-4e36-87b9-0af6a038ea07
at org.openqa.selenium.remote.RemoteWebDriver.execute(RemoteWebDriver.java:665)
at org.openqa.selenium.remote.RemoteWebDriver.findElement(RemoteWebDriver.java:363)
at org.openqa.selenium.remote.RemoteWebDriver.findElementByClassName(RemoteWebDriver.java:477)
at org.openqa.selenium.By$ByClassName.findElement(By.java:391)
at org.openqa.selenium.remote.RemoteWebDriver.findElement(RemoteWebDriver.java:355)
at org.openqa.selenium.support.pagefactory.DefaultElementLocator.findElement(DefaultElementLocator.java:69)
at org.openqa.selenium.support.pagefactory.internal.LocatingElementHandler.invoke(LocatingElementHandler.java:38)
at com.sun.proxy.$Proxy11.click(Unknown Source)
at com.UnoPoint.Pages.ViewTicketPageOfSdRole.checkWithBlankTechnician(ViewTicketPageOfSdRole.java:4995)
at com.UnoPoint.TestCases.ViewTicketPageTestCaseOfSdRole.CheckWithBlankTechnician(ViewTicketPageTestCaseOfSdRole.java:550)
Caused by: org.apache.http.conn.HttpHostConnectException: Connect to 127.0.0.1:7059 [/127.0.0.1] failed: Connection refused: connect
at org.apache.http.impl.conn.DefaultHttpClientConnectionOperator.connect(DefaultHttpClientConnectionOperator.java:151)
at org.apache.http.impl.conn.PoolingHttpClientConnectionManager.connect(PoolingHttpClientConnectionManager.java:353)
at org.apache.http.impl.execchain.MainClientExec.establishRoute(MainClientExec.java:380)
at org.apache.http.impl.execchain.MainClientExec.execute(MainClientExec.java:236)
at org.apache.http.impl.execchain.ProtocolExec.execute(ProtocolExec.java:184)
at org.apache.http.impl.execchain.RetryExec.execute(RetryExec.java:88)
at org.apache.http.impl.execchain.RedirectExec.execute(RedirectExec.java:110)
at org.apache.http.impl.client.InternalHttpClient.doExecute(InternalHttpClient.java:184)
at org.apache.http.impl.client.CloseableHttpClient.execute(CloseableHttpClient.java:71)
at org.apache.http.impl.client.CloseableHttpClient.execute(CloseableHttpClient.java:55)
at org.openqa.selenium.remote.internal.ApacheHttpClient.fallBackExecute(ApacheHttpClient.java:144)
at org.openqa.selenium.remote.internal.ApacheHttpClient.execute(ApacheHttpClient.java:90)
at org.openqa.selenium.remote.HttpCommandExecutor.execute(HttpCommandExecutor.java:142)
at org.openqa.selenium.firefox.internal.NewProfileExtensionConnection.execute(NewProfileExtensionConnection.java:160)
at org.openqa.selenium.firefox.FirefoxDriver$LazyCommandExecutor.execute(FirefoxDriver.java:380)
at org.openqa.selenium.remote.RemoteWebDriver.execute(RemoteWebDriver.java:644)
... 34 more
Caused by: java.net.ConnectException: Connection refused: connect
at java.net.DualStackPlainSocketImpl.waitForConnect(Native Method)
at java.net.DualStackPlainSocketImpl.socketConnect(Unknown Source)
at java.net.AbstractPlainSocketImpl.doConnect(Unknown Source)
at java.net.AbstractPlainSocketImpl.connectToAddress(Unknown Source)
at java.net.AbstractPlainSocketImpl.connect(Unknown Source)
at java.net.PlainSocketImpl.connect(Unknown Source)
at java.net.SocksSocketImpl.connect(Unknown Source)
at java.net.Socket.connect(Unknown Source)
at org.apache.http.conn.socket.PlainConnectionSocketFactory.connectSocket(PlainConnectionSocketFactory.java:74)
at org.apache.http.impl.conn.DefaultHttpClientConnectionOperator.connect(DefaultHttpClientConnectionOperator.java:134)
... 49 more
... Removed 25 stack frames]]>
    </failure>
  </testcase> <!-- CheckWithBlankTechnician -->
  <testcase name="CheckTechnicianAutoSuggest" time="1.005" classname="com.UnoPoint.TestCases.ViewTicketPageTestCaseOfSdRole">
    <failure type="org.openqa.selenium.remote.UnreachableBrowserException" message="Error communicating with the remote browser. It may have died.
Build info: version: &amp;apos;2.53.0&amp;apos;, revision: &amp;apos;35ae25b1534ae328c771e0856c93e187490ca824&amp;apos;, time: &amp;apos;2016-03-15 10:43:46&amp;apos;
System info: host: &amp;apos;Admin-PC&amp;apos;, ip: &amp;apos;192.168.3.15&amp;apos;, os.name: &amp;apos;Windows 7&amp;apos;, os.arch: &amp;apos;amd64&amp;apos;, os.version: &amp;apos;6.1&amp;apos;, java.version: &amp;apos;1.8.0_161&amp;apos;
Driver info: driver.version: RemoteWebDriver
Capabilities [{applicationCacheEnabled=true, rotatable=false, handlesAlerts=true, databaseEnabled=true, version=45.0.1, platform=WINDOWS, nativeEvents=false, acceptSslCerts=true, webStorageEnabled=true, locationContextEnabled=true, browserName=firefox, takesScreenshot=true, javascriptEnabled=true, cssSelectorsEnabled=true}]
Session ID: f8257738-62e5-4e36-87b9-0af6a038ea07">
      <![CDATA[org.openqa.selenium.remote.UnreachableBrowserException: Error communicating with the remote browser. It may have died.
Build info: version: '2.53.0', revision: '35ae25b1534ae328c771e0856c93e187490ca824', time: '2016-03-15 10:43:46'
System info: host: 'Admin-PC', ip: '192.168.3.15', os.name: 'Windows 7', os.arch: 'amd64', os.version: '6.1', java.version: '1.8.0_161'
Driver info: driver.version: RemoteWebDriver
Capabilities [{applicationCacheEnabled=true, rotatable=false, handlesAlerts=true, databaseEnabled=true, version=45.0.1, platform=WINDOWS, nativeEvents=false, acceptSslCerts=true, webStorageEnabled=true, locationContextEnabled=true, browserName=firefox, takesScreenshot=true, javascriptEnabled=true, cssSelectorsEnabled=true}]
Session ID: f8257738-62e5-4e36-87b9-0af6a038ea07
at org.openqa.selenium.remote.RemoteWebDriver.execute(RemoteWebDriver.java:665)
at org.openqa.selenium.remote.RemoteWebDriver.findElement(RemoteWebDriver.java:363)
at org.openqa.selenium.remote.RemoteWebDriver.findElementByClassName(RemoteWebDriver.java:477)
at org.openqa.selenium.By$ByClassName.findElement(By.java:391)
at org.openqa.selenium.remote.RemoteWebDriver.findElement(RemoteWebDriver.java:355)
at org.openqa.selenium.support.pagefactory.DefaultElementLocator.findElement(DefaultElementLocator.java:69)
at org.openqa.selenium.support.pagefactory.internal.LocatingElementHandler.invoke(LocatingElementHandler.java:38)
at com.sun.proxy.$Proxy11.click(Unknown Source)
at com.UnoPoint.Pages.ViewTicketPageOfSdRole.checkTechnicianAutoSuggest(ViewTicketPageOfSdRole.java:5072)
at com.UnoPoint.TestCases.ViewTicketPageTestCaseOfSdRole.CheckTechnicianAutoSuggest(ViewTicketPageTestCaseOfSdRole.java:559)
Caused by: org.apache.http.conn.HttpHostConnectException: Connect to 127.0.0.1:7059 [/127.0.0.1] failed: Connection refused: connect
at org.apache.http.impl.conn.DefaultHttpClientConnectionOperator.connect(DefaultHttpClientConnectionOperator.java:151)
at org.apache.http.impl.conn.PoolingHttpClientConnectionManager.connect(PoolingHttpClientConnectionManager.java:353)
at org.apache.http.impl.execchain.MainClientExec.establishRoute(MainClientExec.java:380)
at org.apache.http.impl.execchain.MainClientExec.execute(MainClientExec.java:236)
at org.apache.http.impl.execchain.ProtocolExec.execute(ProtocolExec.java:184)
at org.apache.http.impl.execchain.RetryExec.execute(RetryExec.java:88)
at org.apache.http.impl.execchain.RedirectExec.execute(RedirectExec.java:110)
at org.apache.http.impl.client.InternalHttpClient.doExecute(InternalHttpClient.java:184)
at org.apache.http.impl.client.CloseableHttpClient.execute(CloseableHttpClient.java:71)
at org.apache.http.impl.client.CloseableHttpClient.execute(CloseableHttpClient.java:55)
at org.openqa.selenium.remote.internal.ApacheHttpClient.fallBackExecute(ApacheHttpClient.java:144)
at org.openqa.selenium.remote.internal.ApacheHttpClient.execute(ApacheHttpClient.java:90)
at org.openqa.selenium.remote.HttpCommandExecutor.execute(HttpCommandExecutor.java:142)
at org.openqa.selenium.firefox.internal.NewProfileExtensionConnection.execute(NewProfileExtensionConnection.java:160)
at org.openqa.selenium.firefox.FirefoxDriver$LazyCommandExecutor.execute(FirefoxDriver.java:380)
at org.openqa.selenium.remote.RemoteWebDriver.execute(RemoteWebDriver.java:644)
... 34 more
Caused by: java.net.ConnectException: Connection refused: connect
at java.net.DualStackPlainSocketImpl.waitForConnect(Native Method)
at java.net.DualStackPlainSocketImpl.socketConnect(Unknown Source)
at java.net.AbstractPlainSocketImpl.doConnect(Unknown Source)
at java.net.AbstractPlainSocketImpl.connectToAddress(Unknown Source)
at java.net.AbstractPlainSocketImpl.connect(Unknown Source)
at java.net.PlainSocketImpl.connect(Unknown Source)
at java.net.SocksSocketImpl.connect(Unknown Source)
at java.net.Socket.connect(Unknown Source)
at org.apache.http.conn.socket.PlainConnectionSocketFactory.connectSocket(PlainConnectionSocketFactory.java:74)
at org.apache.http.impl.conn.DefaultHttpClientConnectionOperator.connect(DefaultHttpClientConnectionOperator.java:134)
... 49 more
... Removed 25 stack frames]]>
    </failure>
  </testcase> <!-- CheckTechnicianAutoSuggest -->
  <testcase name="DisplayListOfYourTechniciansWindow" time="1.005" classname="com.UnoPoint.TestCases.ViewTicketPageTestCaseOfSdRole">
    <failure type="org.openqa.selenium.remote.UnreachableBrowserException" message="Error communicating with the remote browser. It may have died.
Build info: version: &amp;apos;2.53.0&amp;apos;, revision: &amp;apos;35ae25b1534ae328c771e0856c93e187490ca824&amp;apos;, time: &amp;apos;2016-03-15 10:43:46&amp;apos;
System info: host: &amp;apos;Admin-PC&amp;apos;, ip: &amp;apos;192.168.3.15&amp;apos;, os.name: &amp;apos;Windows 7&amp;apos;, os.arch: &amp;apos;amd64&amp;apos;, os.version: &amp;apos;6.1&amp;apos;, java.version: &amp;apos;1.8.0_161&amp;apos;
Driver info: driver.version: RemoteWebDriver
Capabilities [{applicationCacheEnabled=true, rotatable=false, handlesAlerts=true, databaseEnabled=true, version=45.0.1, platform=WINDOWS, nativeEvents=false, acceptSslCerts=true, webStorageEnabled=true, locationContextEnabled=true, browserName=firefox, takesScreenshot=true, javascriptEnabled=true, cssSelectorsEnabled=true}]
Session ID: f8257738-62e5-4e36-87b9-0af6a038ea07">
      <![CDATA[org.openqa.selenium.remote.UnreachableBrowserException: Error communicating with the remote browser. It may have died.
Build info: version: '2.53.0', revision: '35ae25b1534ae328c771e0856c93e187490ca824', time: '2016-03-15 10:43:46'
System info: host: 'Admin-PC', ip: '192.168.3.15', os.name: 'Windows 7', os.arch: 'amd64', os.version: '6.1', java.version: '1.8.0_161'
Driver info: driver.version: RemoteWebDriver
Capabilities [{applicationCacheEnabled=true, rotatable=false, handlesAlerts=true, databaseEnabled=true, version=45.0.1, platform=WINDOWS, nativeEvents=false, acceptSslCerts=true, webStorageEnabled=true, locationContextEnabled=true, browserName=firefox, takesScreenshot=true, javascriptEnabled=true, cssSelectorsEnabled=true}]
Session ID: f8257738-62e5-4e36-87b9-0af6a038ea07
at org.openqa.selenium.remote.RemoteWebDriver.execute(RemoteWebDriver.java:665)
at org.openqa.selenium.remote.RemoteWebDriver.findElement(RemoteWebDriver.java:363)
at org.openqa.selenium.remote.RemoteWebDriver.findElementByClassName(RemoteWebDriver.java:477)
at org.openqa.selenium.By$ByClassName.findElement(By.java:391)
at org.openqa.selenium.remote.RemoteWebDriver.findElement(RemoteWebDriver.java:355)
at org.openqa.selenium.support.pagefactory.DefaultElementLocator.findElement(DefaultElementLocator.java:69)
at org.openqa.selenium.support.pagefactory.internal.LocatingElementHandler.invoke(LocatingElementHandler.java:38)
at com.sun.proxy.$Proxy11.click(Unknown Source)
at com.UnoPoint.Pages.ViewTicketPageOfSdRole.displayListOfYourTechniciansWindow(ViewTicketPageOfSdRole.java:5150)
at com.UnoPoint.TestCases.ViewTicketPageTestCaseOfSdRole.DisplayListOfYourTechniciansWindow(ViewTicketPageTestCaseOfSdRole.java:568)
Caused by: org.apache.http.conn.HttpHostConnectException: Connect to 127.0.0.1:7059 [/127.0.0.1] failed: Connection refused: connect
at org.apache.http.impl.conn.DefaultHttpClientConnectionOperator.connect(DefaultHttpClientConnectionOperator.java:151)
at org.apache.http.impl.conn.PoolingHttpClientConnectionManager.connect(PoolingHttpClientConnectionManager.java:353)
at org.apache.http.impl.execchain.MainClientExec.establishRoute(MainClientExec.java:380)
at org.apache.http.impl.execchain.MainClientExec.execute(MainClientExec.java:236)
at org.apache.http.impl.execchain.ProtocolExec.execute(ProtocolExec.java:184)
at org.apache.http.impl.execchain.RetryExec.execute(RetryExec.java:88)
at org.apache.http.impl.execchain.RedirectExec.execute(RedirectExec.java:110)
at org.apache.http.impl.client.InternalHttpClient.doExecute(InternalHttpClient.java:184)
at org.apache.http.impl.client.CloseableHttpClient.execute(CloseableHttpClient.java:71)
at org.apache.http.impl.client.CloseableHttpClient.execute(CloseableHttpClient.java:55)
at org.openqa.selenium.remote.internal.ApacheHttpClient.fallBackExecute(ApacheHttpClient.java:144)
at org.openqa.selenium.remote.internal.ApacheHttpClient.execute(ApacheHttpClient.java:90)
at org.openqa.selenium.remote.HttpCommandExecutor.execute(HttpCommandExecutor.java:142)
at org.openqa.selenium.firefox.internal.NewProfileExtensionConnection.execute(NewProfileExtensionConnection.java:160)
at org.openqa.selenium.firefox.FirefoxDriver$LazyCommandExecutor.execute(FirefoxDriver.java:380)
at org.openqa.selenium.remote.RemoteWebDriver.execute(RemoteWebDriver.java:644)
... 34 more
Caused by: java.net.ConnectException: Connection refused: connect
at java.net.DualStackPlainSocketImpl.waitForConnect(Native Method)
at java.net.DualStackPlainSocketImpl.socketConnect(Unknown Source)
at java.net.AbstractPlainSocketImpl.doConnect(Unknown Source)
at java.net.AbstractPlainSocketImpl.connectToAddress(Unknown Source)
at java.net.AbstractPlainSocketImpl.connect(Unknown Source)
at java.net.PlainSocketImpl.connect(Unknown Source)
at java.net.SocksSocketImpl.connect(Unknown Source)
at java.net.Socket.connect(Unknown Source)
at org.apache.http.conn.socket.PlainConnectionSocketFactory.connectSocket(PlainConnectionSocketFactory.java:74)
at org.apache.http.impl.conn.DefaultHttpClientConnectionOperator.connect(DefaultHttpClientConnectionOperator.java:134)
... 49 more
... Removed 25 stack frames]]>
    </failure>
  </testcase> <!-- DisplayListOfYourTechniciansWindow -->
  <testcase name="MatchTechnicianName" time="1.014" classname="com.UnoPoint.TestCases.ViewTicketPageTestCaseOfSdRole">
    <failure type="org.openqa.selenium.remote.UnreachableBrowserException" message="Error communicating with the remote browser. It may have died.
Build info: version: &amp;apos;2.53.0&amp;apos;, revision: &amp;apos;35ae25b1534ae328c771e0856c93e187490ca824&amp;apos;, time: &amp;apos;2016-03-15 10:43:46&amp;apos;
System info: host: &amp;apos;Admin-PC&amp;apos;, ip: &amp;apos;192.168.3.15&amp;apos;, os.name: &amp;apos;Windows 7&amp;apos;, os.arch: &amp;apos;amd64&amp;apos;, os.version: &amp;apos;6.1&amp;apos;, java.version: &amp;apos;1.8.0_161&amp;apos;
Driver info: driver.version: RemoteWebDriver
Capabilities [{applicationCacheEnabled=true, rotatable=false, handlesAlerts=true, databaseEnabled=true, version=45.0.1, platform=WINDOWS, nativeEvents=false, acceptSslCerts=true, webStorageEnabled=true, locationContextEnabled=true, browserName=firefox, takesScreenshot=true, javascriptEnabled=true, cssSelectorsEnabled=true}]
Session ID: f8257738-62e5-4e36-87b9-0af6a038ea07">
      <![CDATA[org.openqa.selenium.remote.UnreachableBrowserException: Error communicating with the remote browser. It may have died.
Build info: version: '2.53.0', revision: '35ae25b1534ae328c771e0856c93e187490ca824', time: '2016-03-15 10:43:46'
System info: host: 'Admin-PC', ip: '192.168.3.15', os.name: 'Windows 7', os.arch: 'amd64', os.version: '6.1', java.version: '1.8.0_161'
Driver info: driver.version: RemoteWebDriver
Capabilities [{applicationCacheEnabled=true, rotatable=false, handlesAlerts=true, databaseEnabled=true, version=45.0.1, platform=WINDOWS, nativeEvents=false, acceptSslCerts=true, webStorageEnabled=true, locationContextEnabled=true, browserName=firefox, takesScreenshot=true, javascriptEnabled=true, cssSelectorsEnabled=true}]
Session ID: f8257738-62e5-4e36-87b9-0af6a038ea07
at org.openqa.selenium.remote.RemoteWebDriver.execute(RemoteWebDriver.java:665)
at org.openqa.selenium.remote.RemoteWebDriver.findElement(RemoteWebDriver.java:363)
at org.openqa.selenium.remote.RemoteWebDriver.findElementByClassName(RemoteWebDriver.java:477)
at org.openqa.selenium.By$ByClassName.findElement(By.java:391)
at org.openqa.selenium.remote.RemoteWebDriver.findElement(RemoteWebDriver.java:355)
at org.openqa.selenium.support.pagefactory.DefaultElementLocator.findElement(DefaultElementLocator.java:69)
at org.openqa.selenium.support.pagefactory.internal.LocatingElementHandler.invoke(LocatingElementHandler.java:38)
at com.sun.proxy.$Proxy11.click(Unknown Source)
at com.UnoPoint.Pages.ViewTicketPageOfSdRole.matchTechnicianName(ViewTicketPageOfSdRole.java:5228)
at com.UnoPoint.TestCases.ViewTicketPageTestCaseOfSdRole.MatchTechnicianName(ViewTicketPageTestCaseOfSdRole.java:577)
Caused by: org.apache.http.conn.HttpHostConnectException: Connect to 127.0.0.1:7059 [/127.0.0.1] failed: Connection refused: connect
at org.apache.http.impl.conn.DefaultHttpClientConnectionOperator.connect(DefaultHttpClientConnectionOperator.java:151)
at org.apache.http.impl.conn.PoolingHttpClientConnectionManager.connect(PoolingHttpClientConnectionManager.java:353)
at org.apache.http.impl.execchain.MainClientExec.establishRoute(MainClientExec.java:380)
at org.apache.http.impl.execchain.MainClientExec.execute(MainClientExec.java:236)
at org.apache.http.impl.execchain.ProtocolExec.execute(ProtocolExec.java:184)
at org.apache.http.impl.execchain.RetryExec.execute(RetryExec.java:88)
at org.apache.http.impl.execchain.RedirectExec.execute(RedirectExec.java:110)
at org.apache.http.impl.client.InternalHttpClient.doExecute(InternalHttpClient.java:184)
at org.apache.http.impl.client.CloseableHttpClient.execute(CloseableHttpClient.java:71)
at org.apache.http.impl.client.CloseableHttpClient.execute(CloseableHttpClient.java:55)
at org.openqa.selenium.remote.internal.ApacheHttpClient.fallBackExecute(ApacheHttpClient.java:144)
at org.openqa.selenium.remote.internal.ApacheHttpClient.execute(ApacheHttpClient.java:90)
at org.openqa.selenium.remote.HttpCommandExecutor.execute(HttpCommandExecutor.java:142)
at org.openqa.selenium.firefox.internal.NewProfileExtensionConnection.execute(NewProfileExtensionConnection.java:160)
at org.openqa.selenium.firefox.FirefoxDriver$LazyCommandExecutor.execute(FirefoxDriver.java:380)
at org.openqa.selenium.remote.RemoteWebDriver.execute(RemoteWebDriver.java:644)
... 34 more
Caused by: java.net.ConnectException: Connection refused: connect
at java.net.DualStackPlainSocketImpl.waitForConnect(Native Method)
at java.net.DualStackPlainSocketImpl.socketConnect(Unknown Source)
at java.net.AbstractPlainSocketImpl.doConnect(Unknown Source)
at java.net.AbstractPlainSocketImpl.connectToAddress(Unknown Source)
at java.net.AbstractPlainSocketImpl.connect(Unknown Source)
at java.net.PlainSocketImpl.connect(Unknown Source)
at java.net.SocksSocketImpl.connect(Unknown Source)
at java.net.Socket.connect(Unknown Source)
at org.apache.http.conn.socket.PlainConnectionSocketFactory.connectSocket(PlainConnectionSocketFactory.java:74)
at org.apache.http.impl.conn.DefaultHttpClientConnectionOperator.connect(DefaultHttpClientConnectionOperator.java:134)
... 49 more
... Removed 25 stack frames]]>
    </failure>
  </testcase> <!-- MatchTechnicianName -->
  <testcase name="CheckETADateField" time="1.004" classname="com.UnoPoint.TestCases.ViewTicketPageTestCaseOfSdRole">
    <failure type="org.openqa.selenium.remote.UnreachableBrowserException" message="Error communicating with the remote browser. It may have died.
Build info: version: &amp;apos;2.53.0&amp;apos;, revision: &amp;apos;35ae25b1534ae328c771e0856c93e187490ca824&amp;apos;, time: &amp;apos;2016-03-15 10:43:46&amp;apos;
System info: host: &amp;apos;Admin-PC&amp;apos;, ip: &amp;apos;192.168.3.15&amp;apos;, os.name: &amp;apos;Windows 7&amp;apos;, os.arch: &amp;apos;amd64&amp;apos;, os.version: &amp;apos;6.1&amp;apos;, java.version: &amp;apos;1.8.0_161&amp;apos;
Driver info: driver.version: RemoteWebDriver
Capabilities [{applicationCacheEnabled=true, rotatable=false, handlesAlerts=true, databaseEnabled=true, version=45.0.1, platform=WINDOWS, nativeEvents=false, acceptSslCerts=true, webStorageEnabled=true, locationContextEnabled=true, browserName=firefox, takesScreenshot=true, javascriptEnabled=true, cssSelectorsEnabled=true}]
Session ID: f8257738-62e5-4e36-87b9-0af6a038ea07">
      <![CDATA[org.openqa.selenium.remote.UnreachableBrowserException: Error communicating with the remote browser. It may have died.
Build info: version: '2.53.0', revision: '35ae25b1534ae328c771e0856c93e187490ca824', time: '2016-03-15 10:43:46'
System info: host: 'Admin-PC', ip: '192.168.3.15', os.name: 'Windows 7', os.arch: 'amd64', os.version: '6.1', java.version: '1.8.0_161'
Driver info: driver.version: RemoteWebDriver
Capabilities [{applicationCacheEnabled=true, rotatable=false, handlesAlerts=true, databaseEnabled=true, version=45.0.1, platform=WINDOWS, nativeEvents=false, acceptSslCerts=true, webStorageEnabled=true, locationContextEnabled=true, browserName=firefox, takesScreenshot=true, javascriptEnabled=true, cssSelectorsEnabled=true}]
Session ID: f8257738-62e5-4e36-87b9-0af6a038ea07
at org.openqa.selenium.remote.RemoteWebDriver.execute(RemoteWebDriver.java:665)
at org.openqa.selenium.remote.RemoteWebDriver.findElement(RemoteWebDriver.java:363)
at org.openqa.selenium.remote.RemoteWebDriver.findElementByClassName(RemoteWebDriver.java:477)
at org.openqa.selenium.By$ByClassName.findElement(By.java:391)
at org.openqa.selenium.remote.RemoteWebDriver.findElement(RemoteWebDriver.java:355)
at org.openqa.selenium.support.pagefactory.DefaultElementLocator.findElement(DefaultElementLocator.java:69)
at org.openqa.selenium.support.pagefactory.internal.LocatingElementHandler.invoke(LocatingElementHandler.java:38)
at com.sun.proxy.$Proxy11.click(Unknown Source)
at com.UnoPoint.Pages.ViewTicketPageOfSdRole.checkETADateField(ViewTicketPageOfSdRole.java:5392)
at com.UnoPoint.TestCases.ViewTicketPageTestCaseOfSdRole.CheckETADateField(ViewTicketPageTestCaseOfSdRole.java:585)
Caused by: org.apache.http.conn.HttpHostConnectException: Connect to 127.0.0.1:7059 [/127.0.0.1] failed: Connection refused: connect
at org.apache.http.impl.conn.DefaultHttpClientConnectionOperator.connect(DefaultHttpClientConnectionOperator.java:151)
at org.apache.http.impl.conn.PoolingHttpClientConnectionManager.connect(PoolingHttpClientConnectionManager.java:353)
at org.apache.http.impl.execchain.MainClientExec.establishRoute(MainClientExec.java:380)
at org.apache.http.impl.execchain.MainClientExec.execute(MainClientExec.java:236)
at org.apache.http.impl.execchain.ProtocolExec.execute(ProtocolExec.java:184)
at org.apache.http.impl.execchain.RetryExec.execute(RetryExec.java:88)
at org.apache.http.impl.execchain.RedirectExec.execute(RedirectExec.java:110)
at org.apache.http.impl.client.InternalHttpClient.doExecute(InternalHttpClient.java:184)
at org.apache.http.impl.client.CloseableHttpClient.execute(CloseableHttpClient.java:71)
at org.apache.http.impl.client.CloseableHttpClient.execute(CloseableHttpClient.java:55)
at org.openqa.selenium.remote.internal.ApacheHttpClient.fallBackExecute(ApacheHttpClient.java:144)
at org.openqa.selenium.remote.internal.ApacheHttpClient.execute(ApacheHttpClient.java:90)
at org.openqa.selenium.remote.HttpCommandExecutor.execute(HttpCommandExecutor.java:142)
at org.openqa.selenium.firefox.internal.NewProfileExtensionConnection.execute(NewProfileExtensionConnection.java:160)
at org.openqa.selenium.firefox.FirefoxDriver$LazyCommandExecutor.execute(FirefoxDriver.java:380)
at org.openqa.selenium.remote.RemoteWebDriver.execute(RemoteWebDriver.java:644)
... 34 more
Caused by: java.net.ConnectException: Connection refused: connect
at java.net.DualStackPlainSocketImpl.waitForConnect(Native Method)
at java.net.DualStackPlainSocketImpl.socketConnect(Unknown Source)
at java.net.AbstractPlainSocketImpl.doConnect(Unknown Source)
at java.net.AbstractPlainSocketImpl.connectToAddress(Unknown Source)
at java.net.AbstractPlainSocketImpl.connect(Unknown Source)
at java.net.PlainSocketImpl.connect(Unknown Source)
at java.net.SocksSocketImpl.connect(Unknown Source)
at java.net.Socket.connect(Unknown Source)
at org.apache.http.conn.socket.PlainConnectionSocketFactory.connectSocket(PlainConnectionSocketFactory.java:74)
at org.apache.http.impl.conn.DefaultHttpClientConnectionOperator.connect(DefaultHttpClientConnectionOperator.java:134)
... 49 more
... Removed 25 stack frames]]>
    </failure>
  </testcase> <!-- CheckETADateField -->
  <testcase name="MatchETADateTime" time="1.004" classname="com.UnoPoint.TestCases.ViewTicketPageTestCaseOfSdRole">
    <failure type="org.openqa.selenium.remote.UnreachableBrowserException" message="Error communicating with the remote browser. It may have died.
Build info: version: &amp;apos;2.53.0&amp;apos;, revision: &amp;apos;35ae25b1534ae328c771e0856c93e187490ca824&amp;apos;, time: &amp;apos;2016-03-15 10:43:46&amp;apos;
System info: host: &amp;apos;Admin-PC&amp;apos;, ip: &amp;apos;192.168.3.15&amp;apos;, os.name: &amp;apos;Windows 7&amp;apos;, os.arch: &amp;apos;amd64&amp;apos;, os.version: &amp;apos;6.1&amp;apos;, java.version: &amp;apos;1.8.0_161&amp;apos;
Driver info: driver.version: RemoteWebDriver
Capabilities [{applicationCacheEnabled=true, rotatable=false, handlesAlerts=true, databaseEnabled=true, version=45.0.1, platform=WINDOWS, nativeEvents=false, acceptSslCerts=true, webStorageEnabled=true, locationContextEnabled=true, browserName=firefox, takesScreenshot=true, javascriptEnabled=true, cssSelectorsEnabled=true}]
Session ID: f8257738-62e5-4e36-87b9-0af6a038ea07">
      <![CDATA[org.openqa.selenium.remote.UnreachableBrowserException: Error communicating with the remote browser. It may have died.
Build info: version: '2.53.0', revision: '35ae25b1534ae328c771e0856c93e187490ca824', time: '2016-03-15 10:43:46'
System info: host: 'Admin-PC', ip: '192.168.3.15', os.name: 'Windows 7', os.arch: 'amd64', os.version: '6.1', java.version: '1.8.0_161'
Driver info: driver.version: RemoteWebDriver
Capabilities [{applicationCacheEnabled=true, rotatable=false, handlesAlerts=true, databaseEnabled=true, version=45.0.1, platform=WINDOWS, nativeEvents=false, acceptSslCerts=true, webStorageEnabled=true, locationContextEnabled=true, browserName=firefox, takesScreenshot=true, javascriptEnabled=true, cssSelectorsEnabled=true}]
Session ID: f8257738-62e5-4e36-87b9-0af6a038ea07
at org.openqa.selenium.remote.RemoteWebDriver.execute(RemoteWebDriver.java:665)
at org.openqa.selenium.remote.RemoteWebDriver.findElement(RemoteWebDriver.java:363)
at org.openqa.selenium.remote.RemoteWebDriver.findElementByClassName(RemoteWebDriver.java:477)
at org.openqa.selenium.By$ByClassName.findElement(By.java:391)
at org.openqa.selenium.remote.RemoteWebDriver.findElement(RemoteWebDriver.java:355)
at org.openqa.selenium.support.pagefactory.DefaultElementLocator.findElement(DefaultElementLocator.java:69)
at org.openqa.selenium.support.pagefactory.internal.LocatingElementHandler.invoke(LocatingElementHandler.java:38)
at com.sun.proxy.$Proxy11.click(Unknown Source)
at com.UnoPoint.Pages.ViewTicketPageOfSdRole.matchETADateTime(ViewTicketPageOfSdRole.java:5483)
at com.UnoPoint.TestCases.ViewTicketPageTestCaseOfSdRole.MatchETADateTime(ViewTicketPageTestCaseOfSdRole.java:594)
Caused by: org.apache.http.conn.HttpHostConnectException: Connect to 127.0.0.1:7059 [/127.0.0.1] failed: Connection refused: connect
at org.apache.http.impl.conn.DefaultHttpClientConnectionOperator.connect(DefaultHttpClientConnectionOperator.java:151)
at org.apache.http.impl.conn.PoolingHttpClientConnectionManager.connect(PoolingHttpClientConnectionManager.java:353)
at org.apache.http.impl.execchain.MainClientExec.establishRoute(MainClientExec.java:380)
at org.apache.http.impl.execchain.MainClientExec.execute(MainClientExec.java:236)
at org.apache.http.impl.execchain.ProtocolExec.execute(ProtocolExec.java:184)
at org.apache.http.impl.execchain.RetryExec.execute(RetryExec.java:88)
at org.apache.http.impl.execchain.RedirectExec.execute(RedirectExec.java:110)
at org.apache.http.impl.client.InternalHttpClient.doExecute(InternalHttpClient.java:184)
at org.apache.http.impl.client.CloseableHttpClient.execute(CloseableHttpClient.java:71)
at org.apache.http.impl.client.CloseableHttpClient.execute(CloseableHttpClient.java:55)
at org.openqa.selenium.remote.internal.ApacheHttpClient.fallBackExecute(ApacheHttpClient.java:144)
at org.openqa.selenium.remote.internal.ApacheHttpClient.execute(ApacheHttpClient.java:90)
at org.openqa.selenium.remote.HttpCommandExecutor.execute(HttpCommandExecutor.java:142)
at org.openqa.selenium.firefox.internal.NewProfileExtensionConnection.execute(NewProfileExtensionConnection.java:160)
at org.openqa.selenium.firefox.FirefoxDriver$LazyCommandExecutor.execute(FirefoxDriver.java:380)
at org.openqa.selenium.remote.RemoteWebDriver.execute(RemoteWebDriver.java:644)
... 34 more
Caused by: java.net.ConnectException: Connection refused: connect
at java.net.DualStackPlainSocketImpl.waitForConnect(Native Method)
at java.net.DualStackPlainSocketImpl.socketConnect(Unknown Source)
at java.net.AbstractPlainSocketImpl.doConnect(Unknown Source)
at java.net.AbstractPlainSocketImpl.connectToAddress(Unknown Source)
at java.net.AbstractPlainSocketImpl.connect(Unknown Source)
at java.net.PlainSocketImpl.connect(Unknown Source)
at java.net.SocksSocketImpl.connect(Unknown Source)
at java.net.Socket.connect(Unknown Source)
at org.apache.http.conn.socket.PlainConnectionSocketFactory.connectSocket(PlainConnectionSocketFactory.java:74)
at org.apache.http.impl.conn.DefaultHttpClientConnectionOperator.connect(DefaultHttpClientConnectionOperator.java:134)
... 49 more
... Removed 25 stack frames]]>
    </failure>
  </testcase> <!-- MatchETADateTime -->
  <testcase name="CheckETATime" time="1.004" classname="com.UnoPoint.TestCases.ViewTicketPageTestCaseOfSdRole">
    <failure type="org.openqa.selenium.remote.UnreachableBrowserException" message="Error communicating with the remote browser. It may have died.
Build info: version: &amp;apos;2.53.0&amp;apos;, revision: &amp;apos;35ae25b1534ae328c771e0856c93e187490ca824&amp;apos;, time: &amp;apos;2016-03-15 10:43:46&amp;apos;
System info: host: &amp;apos;Admin-PC&amp;apos;, ip: &amp;apos;192.168.3.15&amp;apos;, os.name: &amp;apos;Windows 7&amp;apos;, os.arch: &amp;apos;amd64&amp;apos;, os.version: &amp;apos;6.1&amp;apos;, java.version: &amp;apos;1.8.0_161&amp;apos;
Driver info: driver.version: RemoteWebDriver
Capabilities [{applicationCacheEnabled=true, rotatable=false, handlesAlerts=true, databaseEnabled=true, version=45.0.1, platform=WINDOWS, nativeEvents=false, acceptSslCerts=true, webStorageEnabled=true, locationContextEnabled=true, browserName=firefox, takesScreenshot=true, javascriptEnabled=true, cssSelectorsEnabled=true}]
Session ID: f8257738-62e5-4e36-87b9-0af6a038ea07">
      <![CDATA[org.openqa.selenium.remote.UnreachableBrowserException: Error communicating with the remote browser. It may have died.
Build info: version: '2.53.0', revision: '35ae25b1534ae328c771e0856c93e187490ca824', time: '2016-03-15 10:43:46'
System info: host: 'Admin-PC', ip: '192.168.3.15', os.name: 'Windows 7', os.arch: 'amd64', os.version: '6.1', java.version: '1.8.0_161'
Driver info: driver.version: RemoteWebDriver
Capabilities [{applicationCacheEnabled=true, rotatable=false, handlesAlerts=true, databaseEnabled=true, version=45.0.1, platform=WINDOWS, nativeEvents=false, acceptSslCerts=true, webStorageEnabled=true, locationContextEnabled=true, browserName=firefox, takesScreenshot=true, javascriptEnabled=true, cssSelectorsEnabled=true}]
Session ID: f8257738-62e5-4e36-87b9-0af6a038ea07
at org.openqa.selenium.remote.RemoteWebDriver.execute(RemoteWebDriver.java:665)
at org.openqa.selenium.remote.RemoteWebDriver.findElement(RemoteWebDriver.java:363)
at org.openqa.selenium.remote.RemoteWebDriver.findElementByClassName(RemoteWebDriver.java:477)
at org.openqa.selenium.By$ByClassName.findElement(By.java:391)
at org.openqa.selenium.remote.RemoteWebDriver.findElement(RemoteWebDriver.java:355)
at org.openqa.selenium.support.pagefactory.DefaultElementLocator.findElement(DefaultElementLocator.java:69)
at org.openqa.selenium.support.pagefactory.internal.LocatingElementHandler.invoke(LocatingElementHandler.java:38)
at com.sun.proxy.$Proxy11.click(Unknown Source)
at com.UnoPoint.Pages.ViewTicketPageOfSdRole.checkETATime(ViewTicketPageOfSdRole.java:5660)
at com.UnoPoint.TestCases.ViewTicketPageTestCaseOfSdRole.CheckETATime(ViewTicketPageTestCaseOfSdRole.java:603)
Caused by: org.apache.http.conn.HttpHostConnectException: Connect to 127.0.0.1:7059 [/127.0.0.1] failed: Connection refused: connect
at org.apache.http.impl.conn.DefaultHttpClientConnectionOperator.connect(DefaultHttpClientConnectionOperator.java:151)
at org.apache.http.impl.conn.PoolingHttpClientConnectionManager.connect(PoolingHttpClientConnectionManager.java:353)
at org.apache.http.impl.execchain.MainClientExec.establishRoute(MainClientExec.java:380)
at org.apache.http.impl.execchain.MainClientExec.execute(MainClientExec.java:236)
at org.apache.http.impl.execchain.ProtocolExec.execute(ProtocolExec.java:184)
at org.apache.http.impl.execchain.RetryExec.execute(RetryExec.java:88)
at org.apache.http.impl.execchain.RedirectExec.execute(RedirectExec.java:110)
at org.apache.http.impl.client.InternalHttpClient.doExecute(InternalHttpClient.java:184)
at org.apache.http.impl.client.CloseableHttpClient.execute(CloseableHttpClient.java:71)
at org.apache.http.impl.client.CloseableHttpClient.execute(CloseableHttpClient.java:55)
at org.openqa.selenium.remote.internal.ApacheHttpClient.fallBackExecute(ApacheHttpClient.java:144)
at org.openqa.selenium.remote.internal.ApacheHttpClient.execute(ApacheHttpClient.java:90)
at org.openqa.selenium.remote.HttpCommandExecutor.execute(HttpCommandExecutor.java:142)
at org.openqa.selenium.firefox.internal.NewProfileExtensionConnection.execute(NewProfileExtensionConnection.java:160)
at org.openqa.selenium.firefox.FirefoxDriver$LazyCommandExecutor.execute(FirefoxDriver.java:380)
at org.openqa.selenium.remote.RemoteWebDriver.execute(RemoteWebDriver.java:644)
... 34 more
Caused by: java.net.ConnectException: Connection refused: connect
at java.net.DualStackPlainSocketImpl.waitForConnect(Native Method)
at java.net.DualStackPlainSocketImpl.socketConnect(Unknown Source)
at java.net.AbstractPlainSocketImpl.doConnect(Unknown Source)
at java.net.AbstractPlainSocketImpl.connectToAddress(Unknown Source)
at java.net.AbstractPlainSocketImpl.connect(Unknown Source)
at java.net.PlainSocketImpl.connect(Unknown Source)
at java.net.SocksSocketImpl.connect(Unknown Source)
at java.net.Socket.connect(Unknown Source)
at org.apache.http.conn.socket.PlainConnectionSocketFactory.connectSocket(PlainConnectionSocketFactory.java:74)
at org.apache.http.impl.conn.DefaultHttpClientConnectionOperator.connect(DefaultHttpClientConnectionOperator.java:134)
... 49 more
... Removed 25 stack frames]]>
    </failure>
  </testcase> <!-- CheckETATime -->
  <testcase name="checkAppointmentDateAndTime" time="1.003" classname="com.UnoPoint.TestCases.ViewTicketPageTestCaseOfSdRole">
    <failure type="org.openqa.selenium.remote.UnreachableBrowserException" message="Error communicating with the remote browser. It may have died.
Build info: version: &amp;apos;2.53.0&amp;apos;, revision: &amp;apos;35ae25b1534ae328c771e0856c93e187490ca824&amp;apos;, time: &amp;apos;2016-03-15 10:43:46&amp;apos;
System info: host: &amp;apos;Admin-PC&amp;apos;, ip: &amp;apos;192.168.3.15&amp;apos;, os.name: &amp;apos;Windows 7&amp;apos;, os.arch: &amp;apos;amd64&amp;apos;, os.version: &amp;apos;6.1&amp;apos;, java.version: &amp;apos;1.8.0_161&amp;apos;
Driver info: driver.version: RemoteWebDriver
Capabilities [{applicationCacheEnabled=true, rotatable=false, handlesAlerts=true, databaseEnabled=true, version=45.0.1, platform=WINDOWS, nativeEvents=false, acceptSslCerts=true, webStorageEnabled=true, locationContextEnabled=true, browserName=firefox, takesScreenshot=true, javascriptEnabled=true, cssSelectorsEnabled=true}]
Session ID: f8257738-62e5-4e36-87b9-0af6a038ea07">
      <![CDATA[org.openqa.selenium.remote.UnreachableBrowserException: Error communicating with the remote browser. It may have died.
Build info: version: '2.53.0', revision: '35ae25b1534ae328c771e0856c93e187490ca824', time: '2016-03-15 10:43:46'
System info: host: 'Admin-PC', ip: '192.168.3.15', os.name: 'Windows 7', os.arch: 'amd64', os.version: '6.1', java.version: '1.8.0_161'
Driver info: driver.version: RemoteWebDriver
Capabilities [{applicationCacheEnabled=true, rotatable=false, handlesAlerts=true, databaseEnabled=true, version=45.0.1, platform=WINDOWS, nativeEvents=false, acceptSslCerts=true, webStorageEnabled=true, locationContextEnabled=true, browserName=firefox, takesScreenshot=true, javascriptEnabled=true, cssSelectorsEnabled=true}]
Session ID: f8257738-62e5-4e36-87b9-0af6a038ea07
at org.openqa.selenium.remote.RemoteWebDriver.execute(RemoteWebDriver.java:665)
at org.openqa.selenium.remote.RemoteWebDriver.findElement(RemoteWebDriver.java:363)
at org.openqa.selenium.remote.RemoteWebDriver.findElementByClassName(RemoteWebDriver.java:477)
at org.openqa.selenium.By$ByClassName.findElement(By.java:391)
at org.openqa.selenium.remote.RemoteWebDriver.findElement(RemoteWebDriver.java:355)
at org.openqa.selenium.support.pagefactory.DefaultElementLocator.findElement(DefaultElementLocator.java:69)
at org.openqa.selenium.support.pagefactory.internal.LocatingElementHandler.invoke(LocatingElementHandler.java:38)
at com.sun.proxy.$Proxy11.click(Unknown Source)
at com.UnoPoint.Pages.ViewTicketPageOfSdRole.checkAppointmentDateAndTime(ViewTicketPageOfSdRole.java:5767)
at com.UnoPoint.TestCases.ViewTicketPageTestCaseOfSdRole.checkAppointmentDateAndTime(ViewTicketPageTestCaseOfSdRole.java:612)
Caused by: org.apache.http.conn.HttpHostConnectException: Connect to 127.0.0.1:7059 [/127.0.0.1] failed: Connection refused: connect
at org.apache.http.impl.conn.DefaultHttpClientConnectionOperator.connect(DefaultHttpClientConnectionOperator.java:151)
at org.apache.http.impl.conn.PoolingHttpClientConnectionManager.connect(PoolingHttpClientConnectionManager.java:353)
at org.apache.http.impl.execchain.MainClientExec.establishRoute(MainClientExec.java:380)
at org.apache.http.impl.execchain.MainClientExec.execute(MainClientExec.java:236)
at org.apache.http.impl.execchain.ProtocolExec.execute(ProtocolExec.java:184)
at org.apache.http.impl.execchain.RetryExec.execute(RetryExec.java:88)
at org.apache.http.impl.execchain.RedirectExec.execute(RedirectExec.java:110)
at org.apache.http.impl.client.InternalHttpClient.doExecute(InternalHttpClient.java:184)
at org.apache.http.impl.client.CloseableHttpClient.execute(CloseableHttpClient.java:71)
at org.apache.http.impl.client.CloseableHttpClient.execute(CloseableHttpClient.java:55)
at org.openqa.selenium.remote.internal.ApacheHttpClient.fallBackExecute(ApacheHttpClient.java:144)
at org.openqa.selenium.remote.internal.ApacheHttpClient.execute(ApacheHttpClient.java:90)
at org.openqa.selenium.remote.HttpCommandExecutor.execute(HttpCommandExecutor.java:142)
at org.openqa.selenium.firefox.internal.NewProfileExtensionConnection.execute(NewProfileExtensionConnection.java:160)
at org.openqa.selenium.firefox.FirefoxDriver$LazyCommandExecutor.execute(FirefoxDriver.java:380)
at org.openqa.selenium.remote.RemoteWebDriver.execute(RemoteWebDriver.java:644)
... 34 more
Caused by: java.net.ConnectException: Connection refused: connect
at java.net.DualStackPlainSocketImpl.waitForConnect(Native Method)
at java.net.DualStackPlainSocketImpl.socketConnect(Unknown Source)
at java.net.AbstractPlainSocketImpl.doConnect(Unknown Source)
at java.net.AbstractPlainSocketImpl.connectToAddress(Unknown Source)
at java.net.AbstractPlainSocketImpl.connect(Unknown Source)
at java.net.PlainSocketImpl.connect(Unknown Source)
at java.net.SocksSocketImpl.connect(Unknown Source)
at java.net.Socket.connect(Unknown Source)
at org.apache.http.conn.socket.PlainConnectionSocketFactory.connectSocket(PlainConnectionSocketFactory.java:74)
at org.apache.http.impl.conn.DefaultHttpClientConnectionOperator.connect(DefaultHttpClientConnectionOperator.java:134)
... 49 more
... Removed 25 stack frames]]>
    </failure>
  </testcase> <!-- checkAppointmentDateAndTime -->
  <testcase name="CheckCancelButtonFunctionality" time="1.006" classname="com.UnoPoint.TestCases.ViewTicketPageTestCaseOfSdRole">
    <failure type="org.openqa.selenium.remote.UnreachableBrowserException" message="Error communicating with the remote browser. It may have died.
Build info: version: &amp;apos;2.53.0&amp;apos;, revision: &amp;apos;35ae25b1534ae328c771e0856c93e187490ca824&amp;apos;, time: &amp;apos;2016-03-15 10:43:46&amp;apos;
System info: host: &amp;apos;Admin-PC&amp;apos;, ip: &amp;apos;192.168.3.15&amp;apos;, os.name: &amp;apos;Windows 7&amp;apos;, os.arch: &amp;apos;amd64&amp;apos;, os.version: &amp;apos;6.1&amp;apos;, java.version: &amp;apos;1.8.0_161&amp;apos;
Driver info: driver.version: RemoteWebDriver
Capabilities [{applicationCacheEnabled=true, rotatable=false, handlesAlerts=true, databaseEnabled=true, version=45.0.1, platform=WINDOWS, nativeEvents=false, acceptSslCerts=true, webStorageEnabled=true, locationContextEnabled=true, browserName=firefox, takesScreenshot=true, javascriptEnabled=true, cssSelectorsEnabled=true}]
Session ID: f8257738-62e5-4e36-87b9-0af6a038ea07">
      <![CDATA[org.openqa.selenium.remote.UnreachableBrowserException: Error communicating with the remote browser. It may have died.
Build info: version: '2.53.0', revision: '35ae25b1534ae328c771e0856c93e187490ca824', time: '2016-03-15 10:43:46'
System info: host: 'Admin-PC', ip: '192.168.3.15', os.name: 'Windows 7', os.arch: 'amd64', os.version: '6.1', java.version: '1.8.0_161'
Driver info: driver.version: RemoteWebDriver
Capabilities [{applicationCacheEnabled=true, rotatable=false, handlesAlerts=true, databaseEnabled=true, version=45.0.1, platform=WINDOWS, nativeEvents=false, acceptSslCerts=true, webStorageEnabled=true, locationContextEnabled=true, browserName=firefox, takesScreenshot=true, javascriptEnabled=true, cssSelectorsEnabled=true}]
Session ID: f8257738-62e5-4e36-87b9-0af6a038ea07
at org.openqa.selenium.remote.RemoteWebDriver.execute(RemoteWebDriver.java:665)
at org.openqa.selenium.remote.RemoteWebDriver.findElement(RemoteWebDriver.java:363)
at org.openqa.selenium.remote.RemoteWebDriver.findElementByClassName(RemoteWebDriver.java:477)
at org.openqa.selenium.By$ByClassName.findElement(By.java:391)
at org.openqa.selenium.remote.RemoteWebDriver.findElement(RemoteWebDriver.java:355)
at org.openqa.selenium.support.pagefactory.DefaultElementLocator.findElement(DefaultElementLocator.java:69)
at org.openqa.selenium.support.pagefactory.internal.LocatingElementHandler.invoke(LocatingElementHandler.java:38)
at com.sun.proxy.$Proxy11.click(Unknown Source)
at com.UnoPoint.Pages.ViewTicketPageOfSdRole.checkCancelButtonFunctionality(ViewTicketPageOfSdRole.java:5928)
at com.UnoPoint.TestCases.ViewTicketPageTestCaseOfSdRole.CheckCancelButtonFunctionality(ViewTicketPageTestCaseOfSdRole.java:619)
Caused by: org.apache.http.conn.HttpHostConnectException: Connect to 127.0.0.1:7059 [/127.0.0.1] failed: Connection refused: connect
at org.apache.http.impl.conn.DefaultHttpClientConnectionOperator.connect(DefaultHttpClientConnectionOperator.java:151)
at org.apache.http.impl.conn.PoolingHttpClientConnectionManager.connect(PoolingHttpClientConnectionManager.java:353)
at org.apache.http.impl.execchain.MainClientExec.establishRoute(MainClientExec.java:380)
at org.apache.http.impl.execchain.MainClientExec.execute(MainClientExec.java:236)
at org.apache.http.impl.execchain.ProtocolExec.execute(ProtocolExec.java:184)
at org.apache.http.impl.execchain.RetryExec.execute(RetryExec.java:88)
at org.apache.http.impl.execchain.RedirectExec.execute(RedirectExec.java:110)
at org.apache.http.impl.client.InternalHttpClient.doExecute(InternalHttpClient.java:184)
at org.apache.http.impl.client.CloseableHttpClient.execute(CloseableHttpClient.java:71)
at org.apache.http.impl.client.CloseableHttpClient.execute(CloseableHttpClient.java:55)
at org.openqa.selenium.remote.internal.ApacheHttpClient.fallBackExecute(ApacheHttpClient.java:144)
at org.openqa.selenium.remote.internal.ApacheHttpClient.execute(ApacheHttpClient.java:90)
at org.openqa.selenium.remote.HttpCommandExecutor.execute(HttpCommandExecutor.java:142)
at org.openqa.selenium.firefox.internal.NewProfileExtensionConnection.execute(NewProfileExtensionConnection.java:160)
at org.openqa.selenium.firefox.FirefoxDriver$LazyCommandExecutor.execute(FirefoxDriver.java:380)
at org.openqa.selenium.remote.RemoteWebDriver.execute(RemoteWebDriver.java:644)
... 34 more
Caused by: java.net.ConnectException: Connection refused: connect
at java.net.DualStackPlainSocketImpl.waitForConnect(Native Method)
at java.net.DualStackPlainSocketImpl.socketConnect(Unknown Source)
at java.net.AbstractPlainSocketImpl.doConnect(Unknown Source)
at java.net.AbstractPlainSocketImpl.connectToAddress(Unknown Source)
at java.net.AbstractPlainSocketImpl.connect(Unknown Source)
at java.net.PlainSocketImpl.connect(Unknown Source)
at java.net.SocksSocketImpl.connect(Unknown Source)
at java.net.Socket.connect(Unknown Source)
at org.apache.http.conn.socket.PlainConnectionSocketFactory.connectSocket(PlainConnectionSocketFactory.java:74)
at org.apache.http.impl.conn.DefaultHttpClientConnectionOperator.connect(DefaultHttpClientConnectionOperator.java:134)
... 49 more
... Removed 25 stack frames]]>
    </failure>
  </testcase> <!-- CheckCancelButtonFunctionality -->
  <testcase name="CheckAlertMessage" time="1.008" classname="com.UnoPoint.TestCases.ViewTicketPageTestCaseOfSdRole">
    <failure type="org.openqa.selenium.remote.UnreachableBrowserException" message="Error communicating with the remote browser. It may have died.
Build info: version: &amp;apos;2.53.0&amp;apos;, revision: &amp;apos;35ae25b1534ae328c771e0856c93e187490ca824&amp;apos;, time: &amp;apos;2016-03-15 10:43:46&amp;apos;
System info: host: &amp;apos;Admin-PC&amp;apos;, ip: &amp;apos;192.168.3.15&amp;apos;, os.name: &amp;apos;Windows 7&amp;apos;, os.arch: &amp;apos;amd64&amp;apos;, os.version: &amp;apos;6.1&amp;apos;, java.version: &amp;apos;1.8.0_161&amp;apos;
Driver info: driver.version: RemoteWebDriver
Capabilities [{applicationCacheEnabled=true, rotatable=false, handlesAlerts=true, databaseEnabled=true, version=45.0.1, platform=WINDOWS, nativeEvents=false, acceptSslCerts=true, webStorageEnabled=true, locationContextEnabled=true, browserName=firefox, takesScreenshot=true, javascriptEnabled=true, cssSelectorsEnabled=true}]
Session ID: f8257738-62e5-4e36-87b9-0af6a038ea07">
      <![CDATA[org.openqa.selenium.remote.UnreachableBrowserException: Error communicating with the remote browser. It may have died.
Build info: version: '2.53.0', revision: '35ae25b1534ae328c771e0856c93e187490ca824', time: '2016-03-15 10:43:46'
System info: host: 'Admin-PC', ip: '192.168.3.15', os.name: 'Windows 7', os.arch: 'amd64', os.version: '6.1', java.version: '1.8.0_161'
Driver info: driver.version: RemoteWebDriver
Capabilities [{applicationCacheEnabled=true, rotatable=false, handlesAlerts=true, databaseEnabled=true, version=45.0.1, platform=WINDOWS, nativeEvents=false, acceptSslCerts=true, webStorageEnabled=true, locationContextEnabled=true, browserName=firefox, takesScreenshot=true, javascriptEnabled=true, cssSelectorsEnabled=true}]
Session ID: f8257738-62e5-4e36-87b9-0af6a038ea07
at org.openqa.selenium.remote.RemoteWebDriver.execute(RemoteWebDriver.java:665)
at org.openqa.selenium.remote.RemoteWebDriver.findElement(RemoteWebDriver.java:363)
at org.openqa.selenium.remote.RemoteWebDriver.findElementByClassName(RemoteWebDriver.java:477)
at org.openqa.selenium.By$ByClassName.findElement(By.java:391)
at org.openqa.selenium.remote.RemoteWebDriver.findElement(RemoteWebDriver.java:355)
at org.openqa.selenium.support.pagefactory.DefaultElementLocator.findElement(DefaultElementLocator.java:69)
at org.openqa.selenium.support.pagefactory.internal.LocatingElementHandler.invoke(LocatingElementHandler.java:38)
at com.sun.proxy.$Proxy11.click(Unknown Source)
at com.UnoPoint.Pages.ViewTicketPageOfSdRole.CheckAlertMessage(ViewTicketPageOfSdRole.java:6162)
at com.UnoPoint.TestCases.ViewTicketPageTestCaseOfSdRole.CheckAlertMessage(ViewTicketPageTestCaseOfSdRole.java:629)
Caused by: org.apache.http.conn.HttpHostConnectException: Connect to 127.0.0.1:7059 [/127.0.0.1] failed: Connection refused: connect
at org.apache.http.impl.conn.DefaultHttpClientConnectionOperator.connect(DefaultHttpClientConnectionOperator.java:151)
at org.apache.http.impl.conn.PoolingHttpClientConnectionManager.connect(PoolingHttpClientConnectionManager.java:353)
at org.apache.http.impl.execchain.MainClientExec.establishRoute(MainClientExec.java:380)
at org.apache.http.impl.execchain.MainClientExec.execute(MainClientExec.java:236)
at org.apache.http.impl.execchain.ProtocolExec.execute(ProtocolExec.java:184)
at org.apache.http.impl.execchain.RetryExec.execute(RetryExec.java:88)
at org.apache.http.impl.execchain.RedirectExec.execute(RedirectExec.java:110)
at org.apache.http.impl.client.InternalHttpClient.doExecute(InternalHttpClient.java:184)
at org.apache.http.impl.client.CloseableHttpClient.execute(CloseableHttpClient.java:71)
at org.apache.http.impl.client.CloseableHttpClient.execute(CloseableHttpClient.java:55)
at org.openqa.selenium.remote.internal.ApacheHttpClient.fallBackExecute(ApacheHttpClient.java:144)
at org.openqa.selenium.remote.internal.ApacheHttpClient.execute(ApacheHttpClient.java:90)
at org.openqa.selenium.remote.HttpCommandExecutor.execute(HttpCommandExecutor.java:142)
at org.openqa.selenium.firefox.internal.NewProfileExtensionConnection.execute(NewProfileExtensionConnection.java:160)
at org.openqa.selenium.firefox.FirefoxDriver$LazyCommandExecutor.execute(FirefoxDriver.java:380)
at org.openqa.selenium.remote.RemoteWebDriver.execute(RemoteWebDriver.java:644)
... 34 more
Caused by: java.net.ConnectException: Connection refused: connect
at java.net.DualStackPlainSocketImpl.waitForConnect(Native Method)
at java.net.DualStackPlainSocketImpl.socketConnect(Unknown Source)
at java.net.AbstractPlainSocketImpl.doConnect(Unknown Source)
at java.net.AbstractPlainSocketImpl.connectToAddress(Unknown Source)
at java.net.AbstractPlainSocketImpl.connect(Unknown Source)
at java.net.PlainSocketImpl.connect(Unknown Source)
at java.net.SocksSocketImpl.connect(Unknown Source)
at java.net.Socket.connect(Unknown Source)
at org.apache.http.conn.socket.PlainConnectionSocketFactory.connectSocket(PlainConnectionSocketFactory.java:74)
at org.apache.http.impl.conn.DefaultHttpClientConnectionOperator.connect(DefaultHttpClientConnectionOperator.java:134)
... 49 more
... Removed 25 stack frames]]>
    </failure>
  </testcase> <!-- CheckAlertMessage -->
  <testcase name="CheckResendSMSButton" time="1.0" classname="com.UnoPoint.TestCases.ViewTicketPageTestCaseOfSdRole">
    <failure type="org.openqa.selenium.remote.UnreachableBrowserException" message="Error communicating with the remote browser. It may have died.
Build info: version: &amp;apos;2.53.0&amp;apos;, revision: &amp;apos;35ae25b1534ae328c771e0856c93e187490ca824&amp;apos;, time: &amp;apos;2016-03-15 10:43:46&amp;apos;
System info: host: &amp;apos;Admin-PC&amp;apos;, ip: &amp;apos;192.168.3.15&amp;apos;, os.name: &amp;apos;Windows 7&amp;apos;, os.arch: &amp;apos;amd64&amp;apos;, os.version: &amp;apos;6.1&amp;apos;, java.version: &amp;apos;1.8.0_161&amp;apos;
Driver info: driver.version: RemoteWebDriver
Capabilities [{applicationCacheEnabled=true, rotatable=false, handlesAlerts=true, databaseEnabled=true, version=45.0.1, platform=WINDOWS, nativeEvents=false, acceptSslCerts=true, webStorageEnabled=true, locationContextEnabled=true, browserName=firefox, takesScreenshot=true, javascriptEnabled=true, cssSelectorsEnabled=true}]
Session ID: f8257738-62e5-4e36-87b9-0af6a038ea07">
      <![CDATA[org.openqa.selenium.remote.UnreachableBrowserException: Error communicating with the remote browser. It may have died.
Build info: version: '2.53.0', revision: '35ae25b1534ae328c771e0856c93e187490ca824', time: '2016-03-15 10:43:46'
System info: host: 'Admin-PC', ip: '192.168.3.15', os.name: 'Windows 7', os.arch: 'amd64', os.version: '6.1', java.version: '1.8.0_161'
Driver info: driver.version: RemoteWebDriver
Capabilities [{applicationCacheEnabled=true, rotatable=false, handlesAlerts=true, databaseEnabled=true, version=45.0.1, platform=WINDOWS, nativeEvents=false, acceptSslCerts=true, webStorageEnabled=true, locationContextEnabled=true, browserName=firefox, takesScreenshot=true, javascriptEnabled=true, cssSelectorsEnabled=true}]
Session ID: f8257738-62e5-4e36-87b9-0af6a038ea07
at org.openqa.selenium.remote.RemoteWebDriver.execute(RemoteWebDriver.java:665)
at org.openqa.selenium.remote.RemoteWebDriver.findElement(RemoteWebDriver.java:363)
at org.openqa.selenium.remote.RemoteWebDriver.findElementByClassName(RemoteWebDriver.java:477)
at org.openqa.selenium.By$ByClassName.findElement(By.java:391)
at org.openqa.selenium.remote.RemoteWebDriver.findElement(RemoteWebDriver.java:355)
at org.openqa.selenium.support.pagefactory.DefaultElementLocator.findElement(DefaultElementLocator.java:69)
at org.openqa.selenium.support.pagefactory.internal.LocatingElementHandler.invoke(LocatingElementHandler.java:38)
at com.sun.proxy.$Proxy11.click(Unknown Source)
at com.UnoPoint.Pages.ViewTicketPageOfSdRole.checkResendSMSButton(ViewTicketPageOfSdRole.java:6296)
at com.UnoPoint.TestCases.ViewTicketPageTestCaseOfSdRole.CheckResendSMSButton(ViewTicketPageTestCaseOfSdRole.java:638)
Caused by: org.apache.http.conn.HttpHostConnectException: Connect to 127.0.0.1:7059 [/127.0.0.1] failed: Connection refused: connect
at org.apache.http.impl.conn.DefaultHttpClientConnectionOperator.connect(DefaultHttpClientConnectionOperator.java:151)
at org.apache.http.impl.conn.PoolingHttpClientConnectionManager.connect(PoolingHttpClientConnectionManager.java:353)
at org.apache.http.impl.execchain.MainClientExec.establishRoute(MainClientExec.java:380)
at org.apache.http.impl.execchain.MainClientExec.execute(MainClientExec.java:236)
at org.apache.http.impl.execchain.ProtocolExec.execute(ProtocolExec.java:184)
at org.apache.http.impl.execchain.RetryExec.execute(RetryExec.java:88)
at org.apache.http.impl.execchain.RedirectExec.execute(RedirectExec.java:110)
at org.apache.http.impl.client.InternalHttpClient.doExecute(InternalHttpClient.java:184)
at org.apache.http.impl.client.CloseableHttpClient.execute(CloseableHttpClient.java:71)
at org.apache.http.impl.client.CloseableHttpClient.execute(CloseableHttpClient.java:55)
at org.openqa.selenium.remote.internal.ApacheHttpClient.fallBackExecute(ApacheHttpClient.java:144)
at org.openqa.selenium.remote.internal.ApacheHttpClient.execute(ApacheHttpClient.java:90)
at org.openqa.selenium.remote.HttpCommandExecutor.execute(HttpCommandExecutor.java:142)
at org.openqa.selenium.firefox.internal.NewProfileExtensionConnection.execute(NewProfileExtensionConnection.java:160)
at org.openqa.selenium.firefox.FirefoxDriver$LazyCommandExecutor.execute(FirefoxDriver.java:380)
at org.openqa.selenium.remote.RemoteWebDriver.execute(RemoteWebDriver.java:644)
... 34 more
Caused by: java.net.ConnectException: Connection refused: connect
at java.net.DualStackPlainSocketImpl.waitForConnect(Native Method)
at java.net.DualStackPlainSocketImpl.socketConnect(Unknown Source)
at java.net.AbstractPlainSocketImpl.doConnect(Unknown Source)
at java.net.AbstractPlainSocketImpl.connectToAddress(Unknown Source)
at java.net.AbstractPlainSocketImpl.connect(Unknown Source)
at java.net.PlainSocketImpl.connect(Unknown Source)
at java.net.SocksSocketImpl.connect(Unknown Source)
at java.net.Socket.connect(Unknown Source)
at org.apache.http.conn.socket.PlainConnectionSocketFactory.connectSocket(PlainConnectionSocketFactory.java:74)
at org.apache.http.impl.conn.DefaultHttpClientConnectionOperator.connect(DefaultHttpClientConnectionOperator.java:134)
... 49 more
... Removed 25 stack frames]]>
    </failure>
  </testcase> <!-- CheckResendSMSButton -->
  <testcase name="CheckETAAndSLA" time="1.005" classname="com.UnoPoint.TestCases.ViewTicketPageTestCaseOfSdRole">
    <failure type="org.openqa.selenium.remote.UnreachableBrowserException" message="Error communicating with the remote browser. It may have died.
Build info: version: &amp;apos;2.53.0&amp;apos;, revision: &amp;apos;35ae25b1534ae328c771e0856c93e187490ca824&amp;apos;, time: &amp;apos;2016-03-15 10:43:46&amp;apos;
System info: host: &amp;apos;Admin-PC&amp;apos;, ip: &amp;apos;192.168.3.15&amp;apos;, os.name: &amp;apos;Windows 7&amp;apos;, os.arch: &amp;apos;amd64&amp;apos;, os.version: &amp;apos;6.1&amp;apos;, java.version: &amp;apos;1.8.0_161&amp;apos;
Driver info: driver.version: RemoteWebDriver
Capabilities [{applicationCacheEnabled=true, rotatable=false, handlesAlerts=true, databaseEnabled=true, version=45.0.1, platform=WINDOWS, nativeEvents=false, acceptSslCerts=true, webStorageEnabled=true, locationContextEnabled=true, browserName=firefox, takesScreenshot=true, javascriptEnabled=true, cssSelectorsEnabled=true}]
Session ID: f8257738-62e5-4e36-87b9-0af6a038ea07">
      <![CDATA[org.openqa.selenium.remote.UnreachableBrowserException: Error communicating with the remote browser. It may have died.
Build info: version: '2.53.0', revision: '35ae25b1534ae328c771e0856c93e187490ca824', time: '2016-03-15 10:43:46'
System info: host: 'Admin-PC', ip: '192.168.3.15', os.name: 'Windows 7', os.arch: 'amd64', os.version: '6.1', java.version: '1.8.0_161'
Driver info: driver.version: RemoteWebDriver
Capabilities [{applicationCacheEnabled=true, rotatable=false, handlesAlerts=true, databaseEnabled=true, version=45.0.1, platform=WINDOWS, nativeEvents=false, acceptSslCerts=true, webStorageEnabled=true, locationContextEnabled=true, browserName=firefox, takesScreenshot=true, javascriptEnabled=true, cssSelectorsEnabled=true}]
Session ID: f8257738-62e5-4e36-87b9-0af6a038ea07
at org.openqa.selenium.remote.RemoteWebDriver.execute(RemoteWebDriver.java:665)
at org.openqa.selenium.remote.RemoteWebDriver.findElement(RemoteWebDriver.java:363)
at org.openqa.selenium.remote.RemoteWebDriver.findElementByClassName(RemoteWebDriver.java:477)
at org.openqa.selenium.By$ByClassName.findElement(By.java:391)
at org.openqa.selenium.remote.RemoteWebDriver.findElement(RemoteWebDriver.java:355)
at org.openqa.selenium.support.pagefactory.DefaultElementLocator.findElement(DefaultElementLocator.java:69)
at org.openqa.selenium.support.pagefactory.internal.LocatingElementHandler.invoke(LocatingElementHandler.java:38)
at com.sun.proxy.$Proxy11.click(Unknown Source)
at com.UnoPoint.Pages.ViewTicketPageOfSdRole.checkETAAndSLA(ViewTicketPageOfSdRole.java:6357)
at com.UnoPoint.TestCases.ViewTicketPageTestCaseOfSdRole.CheckETAAndSLA(ViewTicketPageTestCaseOfSdRole.java:647)
Caused by: org.apache.http.conn.HttpHostConnectException: Connect to 127.0.0.1:7059 [/127.0.0.1] failed: Connection refused: connect
at org.apache.http.impl.conn.DefaultHttpClientConnectionOperator.connect(DefaultHttpClientConnectionOperator.java:151)
at org.apache.http.impl.conn.PoolingHttpClientConnectionManager.connect(PoolingHttpClientConnectionManager.java:353)
at org.apache.http.impl.execchain.MainClientExec.establishRoute(MainClientExec.java:380)
at org.apache.http.impl.execchain.MainClientExec.execute(MainClientExec.java:236)
at org.apache.http.impl.execchain.ProtocolExec.execute(ProtocolExec.java:184)
at org.apache.http.impl.execchain.RetryExec.execute(RetryExec.java:88)
at org.apache.http.impl.execchain.RedirectExec.execute(RedirectExec.java:110)
at org.apache.http.impl.client.InternalHttpClient.doExecute(InternalHttpClient.java:184)
at org.apache.http.impl.client.CloseableHttpClient.execute(CloseableHttpClient.java:71)
at org.apache.http.impl.client.CloseableHttpClient.execute(CloseableHttpClient.java:55)
at org.openqa.selenium.remote.internal.ApacheHttpClient.fallBackExecute(ApacheHttpClient.java:144)
at org.openqa.selenium.remote.internal.ApacheHttpClient.execute(ApacheHttpClient.java:90)
at org.openqa.selenium.remote.HttpCommandExecutor.execute(HttpCommandExecutor.java:142)
at org.openqa.selenium.firefox.internal.NewProfileExtensionConnection.execute(NewProfileExtensionConnection.java:160)
at org.openqa.selenium.firefox.FirefoxDriver$LazyCommandExecutor.execute(FirefoxDriver.java:380)
at org.openqa.selenium.remote.RemoteWebDriver.execute(RemoteWebDriver.java:644)
... 34 more
Caused by: java.net.ConnectException: Connection refused: connect
at java.net.DualStackPlainSocketImpl.waitForConnect(Native Method)
at java.net.DualStackPlainSocketImpl.socketConnect(Unknown Source)
at java.net.AbstractPlainSocketImpl.doConnect(Unknown Source)
at java.net.AbstractPlainSocketImpl.connectToAddress(Unknown Source)
at java.net.AbstractPlainSocketImpl.connect(Unknown Source)
at java.net.PlainSocketImpl.connect(Unknown Source)
at java.net.SocksSocketImpl.connect(Unknown Source)
at java.net.Socket.connect(Unknown Source)
at org.apache.http.conn.socket.PlainConnectionSocketFactory.connectSocket(PlainConnectionSocketFactory.java:74)
at org.apache.http.impl.conn.DefaultHttpClientConnectionOperator.connect(DefaultHttpClientConnectionOperator.java:134)
... 49 more
... Removed 25 stack frames]]>
    </failure>
  </testcase> <!-- CheckETAAndSLA -->
  <testcase name="CheckOkButtonOfPopUp" time="1.007" classname="com.UnoPoint.TestCases.ViewTicketPageTestCaseOfSdRole">
    <failure type="org.openqa.selenium.remote.UnreachableBrowserException" message="Error communicating with the remote browser. It may have died.
Build info: version: &amp;apos;2.53.0&amp;apos;, revision: &amp;apos;35ae25b1534ae328c771e0856c93e187490ca824&amp;apos;, time: &amp;apos;2016-03-15 10:43:46&amp;apos;
System info: host: &amp;apos;Admin-PC&amp;apos;, ip: &amp;apos;192.168.3.15&amp;apos;, os.name: &amp;apos;Windows 7&amp;apos;, os.arch: &amp;apos;amd64&amp;apos;, os.version: &amp;apos;6.1&amp;apos;, java.version: &amp;apos;1.8.0_161&amp;apos;
Driver info: driver.version: RemoteWebDriver
Capabilities [{applicationCacheEnabled=true, rotatable=false, handlesAlerts=true, databaseEnabled=true, version=45.0.1, platform=WINDOWS, nativeEvents=false, acceptSslCerts=true, webStorageEnabled=true, locationContextEnabled=true, browserName=firefox, takesScreenshot=true, javascriptEnabled=true, cssSelectorsEnabled=true}]
Session ID: f8257738-62e5-4e36-87b9-0af6a038ea07">
      <![CDATA[org.openqa.selenium.remote.UnreachableBrowserException: Error communicating with the remote browser. It may have died.
Build info: version: '2.53.0', revision: '35ae25b1534ae328c771e0856c93e187490ca824', time: '2016-03-15 10:43:46'
System info: host: 'Admin-PC', ip: '192.168.3.15', os.name: 'Windows 7', os.arch: 'amd64', os.version: '6.1', java.version: '1.8.0_161'
Driver info: driver.version: RemoteWebDriver
Capabilities [{applicationCacheEnabled=true, rotatable=false, handlesAlerts=true, databaseEnabled=true, version=45.0.1, platform=WINDOWS, nativeEvents=false, acceptSslCerts=true, webStorageEnabled=true, locationContextEnabled=true, browserName=firefox, takesScreenshot=true, javascriptEnabled=true, cssSelectorsEnabled=true}]
Session ID: f8257738-62e5-4e36-87b9-0af6a038ea07
at org.openqa.selenium.remote.RemoteWebDriver.execute(RemoteWebDriver.java:665)
at org.openqa.selenium.remote.RemoteWebDriver.findElement(RemoteWebDriver.java:363)
at org.openqa.selenium.remote.RemoteWebDriver.findElementByCssSelector(RemoteWebDriver.java:492)
at org.openqa.selenium.By$ByCssSelector.findElement(By.java:430)
at org.openqa.selenium.remote.RemoteWebDriver.findElement(RemoteWebDriver.java:355)
at org.openqa.selenium.support.pagefactory.DefaultElementLocator.findElement(DefaultElementLocator.java:69)
at org.openqa.selenium.support.pagefactory.internal.LocatingElementHandler.invoke(LocatingElementHandler.java:38)
at com.sun.proxy.$Proxy11.click(Unknown Source)
at com.UnoPoint.Pages.ViewTicketPageOfSdRole.checkOkButtonOfPopUp(ViewTicketPageOfSdRole.java:6645)
at com.UnoPoint.TestCases.ViewTicketPageTestCaseOfSdRole.CheckOkButtonOfPopUp(ViewTicketPageTestCaseOfSdRole.java:657)
Caused by: org.apache.http.conn.HttpHostConnectException: Connect to 127.0.0.1:7059 [/127.0.0.1] failed: Connection refused: connect
at org.apache.http.impl.conn.DefaultHttpClientConnectionOperator.connect(DefaultHttpClientConnectionOperator.java:151)
at org.apache.http.impl.conn.PoolingHttpClientConnectionManager.connect(PoolingHttpClientConnectionManager.java:353)
at org.apache.http.impl.execchain.MainClientExec.establishRoute(MainClientExec.java:380)
at org.apache.http.impl.execchain.MainClientExec.execute(MainClientExec.java:236)
at org.apache.http.impl.execchain.ProtocolExec.execute(ProtocolExec.java:184)
at org.apache.http.impl.execchain.RetryExec.execute(RetryExec.java:88)
at org.apache.http.impl.execchain.RedirectExec.execute(RedirectExec.java:110)
at org.apache.http.impl.client.InternalHttpClient.doExecute(InternalHttpClient.java:184)
at org.apache.http.impl.client.CloseableHttpClient.execute(CloseableHttpClient.java:71)
at org.apache.http.impl.client.CloseableHttpClient.execute(CloseableHttpClient.java:55)
at org.openqa.selenium.remote.internal.ApacheHttpClient.fallBackExecute(ApacheHttpClient.java:144)
at org.openqa.selenium.remote.internal.ApacheHttpClient.execute(ApacheHttpClient.java:90)
at org.openqa.selenium.remote.HttpCommandExecutor.execute(HttpCommandExecutor.java:142)
at org.openqa.selenium.firefox.internal.NewProfileExtensionConnection.execute(NewProfileExtensionConnection.java:160)
at org.openqa.selenium.firefox.FirefoxDriver$LazyCommandExecutor.execute(FirefoxDriver.java:380)
at org.openqa.selenium.remote.RemoteWebDriver.execute(RemoteWebDriver.java:644)
... 34 more
Caused by: java.net.ConnectException: Connection refused: connect
at java.net.DualStackPlainSocketImpl.waitForConnect(Native Method)
at java.net.DualStackPlainSocketImpl.socketConnect(Unknown Source)
at java.net.AbstractPlainSocketImpl.doConnect(Unknown Source)
at java.net.AbstractPlainSocketImpl.connectToAddress(Unknown Source)
at java.net.AbstractPlainSocketImpl.connect(Unknown Source)
at java.net.PlainSocketImpl.connect(Unknown Source)
at java.net.SocksSocketImpl.connect(Unknown Source)
at java.net.Socket.connect(Unknown Source)
at org.apache.http.conn.socket.PlainConnectionSocketFactory.connectSocket(PlainConnectionSocketFactory.java:74)
at org.apache.http.impl.conn.DefaultHttpClientConnectionOperator.connect(DefaultHttpClientConnectionOperator.java:134)
... 49 more
... Removed 25 stack frames]]>
    </failure>
  </testcase> <!-- CheckOkButtonOfPopUp -->
  <testcase name="CheckATADateAndTimeWithETADateAndTime" time="0.0" classname="com.UnoPoint.TestCases.ViewTicketPageTestCaseOfSdRole">
    <ignored/>
  </testcase> <!-- CheckATADateAndTimeWithETADateAndTime -->
  <testcase name="MatchPartname" time="0.0" classname="com.UnoPoint.TestCases.ViewTicketPageTestCaseOfSdRole">
    <ignored/>
  </testcase> <!-- MatchPartname -->
  <testcase name="OverrideCustomerAddress" time="0.0" classname="com.UnoPoint.TestCases.ViewTicketPageTestCaseOfSdRole">
    <ignored/>
  </testcase> <!-- OverrideCustomerAddress -->
  <testcase name="MatchTechnician" time="0.0" classname="com.UnoPoint.TestCases.ViewTicketPageTestCaseOfSdRole">
    <ignored/>
  </testcase> <!-- MatchTechnician -->
[...]
  <testcase name="CheckAutoResumeDateField" time="0.0" classname="com.UnoPoint.TestCases.ViewTicketPageTestCaseOfSdRole">
    <ignored/>
  </testcase> <!-- CheckAutoResumeDateField -->
  <testcase name="CheckCancelButtonWithAllFieldFill" time="0.0" classname="com.UnoPoint.TestCases.ViewTicketPageTestCaseOfSdRole">
    <ignored/>
  </testcase> <!-- CheckCancelButtonWithAllFieldFill -->
  <testcase name="OpenSpareDetailsPage" time="0.0" classname="com.UnoPoint.TestCases.ViewTicketPageTestCaseOfSdRole">
    <ignored/>
  </testcase> <!-- OpenSpareDetailsPage -->
  <testcase name="DisplayRequestOrIncidentTab" time="0.0" classname="com.UnoPoint.TestCases.ViewTicketPageTestCaseOfSdRole">
    <ignored/>
  </testcase> <!-- DisplayRequestOrIncidentTab -->
  <testcase name="CompareTicketTypeFilter" time="0.0" classname="com.UnoPoint.TestCases.ViewTicketPageTestCaseOfSdRole">
    <ignored/>
  </testcase> <!-- CompareTicketTypeFilter -->
  <testcase name="CheckUpdatedTicketDetails" time="0.0" classname="com.UnoPoint.TestCases.ViewTicketPageTestCaseOfSdRole">
    <ignored/>
  </testcase> <!-- CheckUpdatedTicketDetails -->
  <testcase name="SelectStateFilter" time="0.0" classname="com.UnoPoint.TestCases.ViewTicketPageTestCaseOfSdRole">
    <ignored/>
  </testcase> <!-- SelectStateFilter -->
  <testcase name="checkIncidentHistoryOfAssetIdPage" time="0.0" classname="com.UnoPoint.TestCases.ViewTicketPageTestCaseOfSdRole">
    <ignored/>
  </testcase> <!-- checkIncidentHistoryOfAssetIdPage -->
  <testcase name="checkPrintPOlinkInPOTab" time="0.0" classname="com.UnoPoint.TestCases.ViewTicketPageTestCaseOfSdRole">
    <ignored/>
  </testcase> <!-- checkPrintPOlinkInPOTab -->
  <testcase name="DisplaySamePauseReason" time="0.0" classname="com.UnoPoint.TestCases.ViewTicketPageTestCaseOfSdRole">
    <ignored/>
  </testcase> <!-- DisplaySamePauseReason -->
  <testcase name="CheckUpdateDetailButton" time="0.0" classname="com.UnoPoint.TestCases.ViewTicketPageTestCaseOfSdRole">
    <ignored/>
  </testcase> <!-- CheckUpdateDetailButton -->
  <testcase name="CheckUpdatedDetailsInVCTTab" time="0.0" classname="com.UnoPoint.TestCases.ViewTicketPageTestCaseOfSdRole">
    <ignored/>
  </testcase> <!-- CheckUpdatedDetailsInVCTTab -->
  <testcase name="MatchNotification" time="0.0" classname="com.UnoPoint.TestCases.ViewTicketPageTestCaseOfSdRole">
    <ignored/>
  </testcase> <!-- MatchNotification -->
  <testcase name="CompareTsd" time="0.0" classname="com.UnoPoint.TestCases.ViewTicketPageTestCaseOfSdRole">
    <ignored/>
  </testcase> <!-- CompareTsd -->
  <testcase name="CheckHeadingOfVCTTab" time="0.0" classname="com.UnoPoint.TestCases.ViewTicketPageTestCaseOfSdRole">
    <ignored/>
  </testcase> <!-- CheckHeadingOfVCTTab -->
  <testcase name="checkSubmitButtonWithBlankDate" time="0.0" classname="com.UnoPoint.TestCases.ViewTicketPageTestCaseOfSdRole">
    <ignored/>
  </testcase> <!-- checkSubmitButtonWithBlankDate -->
  <testcase name="CheckWithoutSelectingActivityDetails" time="0.0" classname="com.UnoPoint.TestCases.ViewTicketPageTestCaseOfSdRole">
    <ignored/>
  </testcase> <!-- CheckWithoutSelectingActivityDetails -->
  <testcase name="SetWithInverorySettingInSuperRole" time="0.0" classname="com.UnoPoint.TestCases.ViewTicketPageTestCaseOfSdRole">
    <ignored/>
  </testcase> <!-- SetWithInverorySettingInSuperRole -->
  <testcase name="SelectNonConsumableProduct" time="0.0" classname="com.UnoPoint.TestCases.ViewTicketPageTestCaseOfSdRole">
    <ignored/>
  </testcase> <!-- SelectNonConsumableProduct -->
  <testcase name="CheckWithFaultySpare" time="0.0" classname="com.UnoPoint.TestCases.ViewTicketPageTestCaseOfSdRole">
    <ignored/>
  </testcase> <!-- CheckWithFaultySpare -->
  <testcase name="CheckNotificationWithoutSelectionInSpareDetailsPage" time="0.0" classname="com.UnoPoint.TestCases.ViewTicketPageTestCaseOfSdRole">
    <ignored/>
  </testcase> <!-- CheckNotificationWithoutSelectionInSpareDetailsPage -->
  <testcase name="CheckAlertPopup" time="0.0" classname="com.UnoPoint.TestCases.ViewTicketPageTestCaseOfSdRole">
    <ignored/>
  </testcase> <!-- CheckAlertPopup -->
  <testcase name="DisplayListOfFilePage" time="0.0" classname="com.UnoPoint.TestCases.ViewTicketPageTestCaseOfSdRole">
    <ignored/>
  </testcase> <!-- DisplayListOfFilePage -->
  <testcase name="CheckSubmitButtonWithAllFieldFill" time="0.0" classname="com.UnoPoint.TestCases.ViewTicketPageTestCaseOfSdRole">
    <ignored/>
  </testcase> <!-- CheckSubmitButtonWithAllFieldFill -->
  <testcase name="CheckSpareDeliveryLocationOfSpareDetailsPage" time="0.0" classname="com.UnoPoint.TestCases.ViewTicketPageTestCaseOfSdRole">
    <ignored/>
  </testcase> <!-- CheckSpareDeliveryLocationOfSpareDetailsPage -->
  <testcase name="CheckInvalidIdTextBox" time="0.0" classname="com.UnoPoint.TestCases.ViewTicketPageTestCaseOfSdRole">
    <ignored/>
  </testcase> <!-- CheckInvalidIdTextBox -->
  <testcase name="CheckSendMailLinkInPOTab" time="0.0" classname="com.UnoPoint.TestCases.ViewTicketPageTestCaseOfSdRole">
    <ignored/>
  </testcase> <!-- CheckSendMailLinkInPOTab -->
  <testcase name="DisplayTicketDetailsPopup" time="0.0" classname="com.UnoPoint.TestCases.ViewTicketPageTestCaseOfSdRole">
    <ignored/>
  </testcase> <!-- DisplayTicketDetailsPopup -->
  <testcase name="CheckPartCodeField" time="0.0" classname="com.UnoPoint.TestCases.ViewTicketPageTestCaseOfSdRole">
    <ignored/>
  </testcase> <!-- CheckPartCodeField -->
  <testcase name="CheckTitleOfSpareDetailsPage" time="0.0" classname="com.UnoPoint.TestCases.ViewTicketPageTestCaseOfSdRole">
    <ignored/>
  </testcase> <!-- CheckTitleOfSpareDetailsPage -->
  <testcase name="CheckFileAttachmentFunctionality" time="0.0" classname="com.UnoPoint.TestCases.ViewTicketPageTestCaseOfSdRole">
    <ignored/>
  </testcase> <!-- CheckFileAttachmentFunctionality -->
  <testcase name="CheckAllDetailsInVendorCommercialPODetailsPopup" time="0.0" classname="com.UnoPoint.TestCases.ViewTicketPageTestCaseOfSdRole">
    <ignored/>
  </testcase> <!-- CheckAllDetailsInVendorCommercialPODetailsPopup -->
  <testcase name="CheckIncidentHistoryOfCustomerPage" time="0.0" classname="com.UnoPoint.TestCases.ViewTicketPageTestCaseOfSdRole">
    <ignored/>
  </testcase> <!-- CheckIncidentHistoryOfCustomerPage -->
  <testcase name="MatchUpdatedDetailesOfATA" time="0.0" classname="com.UnoPoint.TestCases.ViewTicketPageTestCaseOfSdRole">
    <ignored/>
  </testcase> <!-- MatchUpdatedDetailesOfATA -->
  <testcase name="CheckRemoveDetailsInRequiredSpareTab" time="0.0" classname="com.UnoPoint.TestCases.ViewTicketPageTestCaseOfSdRole">
    <ignored/>
  </testcase> <!-- CheckRemoveDetailsInRequiredSpareTab -->
  <testcase name="SearchAssertIdTextBoxBlankData" time="0.0" classname="com.UnoPoint.TestCases.ViewTicketPageTestCaseOfSdRole">
    <ignored/>
  </testcase> <!-- SearchAssertIdTextBoxBlankData -->
  <testcase name="CheckValidTicketId" time="0.0" classname="com.UnoPoint.TestCases.ViewTicketPageTestCaseOfSdRole">
    <ignored/>
  </testcase> <!-- CheckValidTicketId -->
  <testcase name="DisplayNotificationWithoutETAAndATAinPauseTab" time="0.0" classname="com.UnoPoint.TestCases.ViewTicketPageTestCaseOfSdRole">
    <ignored/>
  </testcase> <!-- DisplayNotificationWithoutETAAndATAinPauseTab -->
  <testcase name="CheckObservationTextBox" time="0.0" classname="com.UnoPoint.TestCases.ViewTicketPageTestCaseOfSdRole">
    <ignored/>
  </testcase> <!-- CheckObservationTextBox -->
  <testcase name="CheckAmountInVendorCommercialPODetailsPopup" time="0.0" classname="com.UnoPoint.TestCases.ViewTicketPageTestCaseOfSdRole">
    <ignored/>
  </testcase> <!-- CheckAmountInVendorCommercialPODetailsPopup -->
  <testcase name="MatchFileType" time="0.0" classname="com.UnoPoint.TestCases.ViewTicketPageTestCaseOfSdRole">
    <ignored/>
  </testcase> <!-- MatchFileType -->
  <testcase name="CheckInvalidAssetId" time="0.0" classname="com.UnoPoint.TestCases.ViewTicketPageTestCaseOfSdRole">
    <ignored/>
  </testcase> <!-- CheckInvalidAssetId -->
  <testcase name="CheckNotificationWithoutVendor" time="0.0" classname="com.UnoPoint.TestCases.ViewTicketPageTestCaseOfSdRole">
    <ignored/>
  </testcase> <!-- CheckNotificationWithoutVendor -->
  <testcase name="CheckCustomerNameContactNoTextBox" time="0.0" classname="com.UnoPoint.TestCases.ViewTicketPageTestCaseOfSdRole">
    <ignored/>
  </testcase> <!-- CheckCustomerNameContactNoTextBox -->
  <testcase name="DisplayNotificationWithoutETAinATATab" time="0.0" classname="com.UnoPoint.TestCases.ViewTicketPageTestCaseOfSdRole">
    <ignored/>
  </testcase> <!-- DisplayNotificationWithoutETAinATATab -->
  <testcase name="CheckUploadFileButtonWithFile" time="0.0" classname="com.UnoPoint.TestCases.ViewTicketPageTestCaseOfSdRole">
    <ignored/>
  </testcase> <!-- CheckUploadFileButtonWithFile -->
  <testcase name="CountTotalPauseTimeInPauseTab" time="0.0" classname="com.UnoPoint.TestCases.ViewTicketPageTestCaseOfSdRole">
    <ignored/>
  </testcase> <!-- CountTotalPauseTimeInPauseTab -->
  <testcase name="CheckWithoutEnteringSerialNumber" time="0.0" classname="com.UnoPoint.TestCases.ViewTicketPageTestCaseOfSdRole">
    <ignored/>
  </testcase> <!-- CheckWithoutEnteringSerialNumber -->
  <testcase name="CheckSerialNoHyperlinkInRequesterTab" time="0.0" classname="com.UnoPoint.TestCases.ViewTicketPageTestCaseOfSdRole">
    <ignored/>
  </testcase> <!-- CheckSerialNoHyperlinkInRequesterTab -->
  <testcase name="checkHeadingOfVendorCommercialPODetailsPopup" time="0.0" classname="com.UnoPoint.TestCases.ViewTicketPageTestCaseOfSdRole">
    <ignored/>
  </testcase> <!-- checkHeadingOfVendorCommercialPODetailsPopup -->
  <testcase name="CheckUpdatedSpareRemarkInSpareTab" time="0.0" classname="com.UnoPoint.TestCases.ViewTicketPageTestCaseOfSdRole">
    <ignored/>
  </testcase> <!-- CheckUpdatedSpareRemarkInSpareTab -->
  <testcase name="CheckTransactionType" time="0.0" classname="com.UnoPoint.TestCases.ViewTicketPageTestCaseOfSdRole">
    <ignored/>
  </testcase> <!-- CheckTransactionType -->
  <testcase name="CheckPartNameFieldOfSpareDetailsPage" time="0.0" classname="com.UnoPoint.TestCases.ViewTicketPageTestCaseOfSdRole">
    <ignored/>
  </testcase> <!-- CheckPartNameFieldOfSpareDetailsPage -->
  <testcase name="DisplayAlertWithoutSelectMachineAvailable" time="0.0" classname="com.UnoPoint.TestCases.ViewTicketPageTestCaseOfSdRole">
    <ignored/>
  </testcase> <!-- DisplayAlertWithoutSelectMachineAvailable -->
  <testcase name="CheckAlertPopupWithoutData" time="0.0" classname="com.UnoPoint.TestCases.ViewTicketPageTestCaseOfSdRole">
    <ignored/>
  </testcase> <!-- CheckAlertPopupWithoutData -->
  <testcase name="VerifyTsdTextBox" time="0.0" classname="com.UnoPoint.TestCases.ViewTicketPageTestCaseOfSdRole">
    <ignored/>
  </testcase> <!-- VerifyTsdTextBox -->
  <testcase name="CheckAfterClikOnEditLink" time="0.0" classname="com.UnoPoint.TestCases.ViewTicketPageTestCaseOfSdRole">
    <ignored/>
  </testcase> <!-- CheckAfterClikOnEditLink -->
  <testcase name="SelectStatusFilter" time="0.0" classname="com.UnoPoint.TestCases.ViewTicketPageTestCaseOfSdRole">
    <ignored/>
  </testcase> <!-- SelectStatusFilter -->
  <testcase name="SelectOpenCTSFilterTextBox" time="0.0" classname="com.UnoPoint.TestCases.ViewTicketPageTestCaseOfSdRole">
    <ignored/>
  </testcase> <!-- SelectOpenCTSFilterTextBox -->
  <testcase name="DisplayListOfPauseReasonsPopup" time="0.0" classname="com.UnoPoint.TestCases.ViewTicketPageTestCaseOfSdRole">
    <ignored/>
  </testcase> <!-- DisplayListOfPauseReasonsPopup -->
  <testcase name="checkTotalAmountInPOTab" time="0.0" classname="com.UnoPoint.TestCases.ViewTicketPageTestCaseOfSdRole">
    <ignored/>
  </testcase> <!-- checkTotalAmountInPOTab -->
  <testcase name="CompareIdOfRequesterOrIncidentTab" time="0.0" classname="com.UnoPoint.TestCases.ViewTicketPageTestCaseOfSdRole">
    <ignored/>
  </testcase> <!-- CompareIdOfRequesterOrIncidentTab -->
  <testcase name="FilterTab" time="0.0" classname="com.UnoPoint.TestCases.ViewTicketPageTestCaseOfSdRole">
    <ignored/>
  </testcase> <!-- FilterTab -->
  <testcase name="MatchResumeDateAndTimeInPauseTab" time="0.0" classname="com.UnoPoint.TestCases.ViewTicketPageTestCaseOfSdRole">
    <ignored/>
  </testcase> <!-- MatchResumeDateAndTimeInPauseTab -->
  <testcase name="CheckCancelButtonCancelTicketDetails" time="0.0" classname="com.UnoPoint.TestCases.ViewTicketPageTestCaseOfSdRole">
    <ignored/>
  </testcase> <!-- CheckCancelButtonCancelTicketDetails -->
  <testcase name="CheckTechnicalStatusField" time="0.0" classname="com.UnoPoint.TestCases.ViewTicketPageTestCaseOfSdRole">
    <ignored/>
  </testcase> <!-- CheckTechnicalStatusField -->
  <testcase name="CheckSearchTicketTab" time="0.0" classname="com.UnoPoint.TestCases.ViewTicketPageTestCaseOfSdRole">
    <ignored/>
  </testcase> <!-- CheckSearchTicketTab -->
  <testcase name="CheckResolutionFieldIsNotEditable" time="0.0" classname="com.UnoPoint.TestCases.ViewTicketPageTestCaseOfSdRole">
    <ignored/>
  </testcase> <!-- CheckResolutionFieldIsNotEditable -->
  <testcase name="MatchTechnicianCloseMessageWithComponent" time="0.0" classname="com.UnoPoint.TestCases.ViewTicketPageTestCaseOfSdRole">
    <ignored/>
  </testcase> <!-- MatchTechnicianCloseMessageWithComponent -->
  <testcase name="CheckUpdateButtonWithEnteringData" time="0.0" classname="com.UnoPoint.TestCases.ViewTicketPageTestCaseOfSdRole">
    <ignored/>
  </testcase> <!-- CheckUpdateButtonWithEnteringData -->
  <testcase name="DisplayTSDAssignDetail" time="0.0" classname="com.UnoPoint.TestCases.ViewTicketPageTestCaseOfSdRole">
    <ignored/>
  </testcase> <!-- DisplayTSDAssignDetail -->
  <testcase name="DisplayTotalPauseTimeWhenTicketOpen" time="0.0" classname="com.UnoPoint.TestCases.ViewTicketPageTestCaseOfSdRole">
    <ignored/>
  </testcase> <!-- DisplayTotalPauseTimeWhenTicketOpen -->
  <testcase name="checkVendorCommercialPaymentDetailsPopUp" time="0.0" classname="com.UnoPoint.TestCases.ViewTicketPageTestCaseOfSdRole">
    <ignored/>
  </testcase> <!-- checkVendorCommercialPaymentDetailsPopUp -->
  <testcase name="CheckRemarkInRemarkTab" time="0.0" classname="com.UnoPoint.TestCases.ViewTicketPageTestCaseOfSdRole">
    <ignored/>
  </testcase> <!-- CheckRemarkInRemarkTab -->
  <testcase name="MatchTechnicianCloseMessageDevice" time="0.0" classname="com.UnoPoint.TestCases.ViewTicketPageTestCaseOfSdRole">
    <ignored/>
  </testcase> <!-- MatchTechnicianCloseMessageDevice -->
  <testcase name="MatchNotificationOfWithoutStatus" time="0.0" classname="com.UnoPoint.TestCases.ViewTicketPageTestCaseOfSdRole">
    <ignored/>
  </testcase> <!-- MatchNotificationOfWithoutStatus -->
  <testcase name="checkListOfAvailableSparesWindow" time="0.0" classname="com.UnoPoint.TestCases.ViewTicketPageTestCaseOfSdRole">
    <ignored/>
  </testcase> <!-- checkListOfAvailableSparesWindow -->
  <testcase name="CheckPopupOfUpdateSymbolInSpareTab" time="0.0" classname="com.UnoPoint.TestCases.ViewTicketPageTestCaseOfSdRole">
    <ignored/>
  </testcase> <!-- CheckPopupOfUpdateSymbolInSpareTab -->
  <testcase name="CheckWithBlankDate" time="0.0" classname="com.UnoPoint.TestCases.ViewTicketPageTestCaseOfSdRole">
    <ignored/>
  </testcase> <!-- CheckWithBlankDate -->
  <testcase name="MatchDateAndTime" time="0.0" classname="com.UnoPoint.TestCases.ViewTicketPageTestCaseOfSdRole">
    <ignored/>
  </testcase> <!-- MatchDateAndTime -->
  <testcase name="checkEditlinkInPOTab" time="0.0" classname="com.UnoPoint.TestCases.ViewTicketPageTestCaseOfSdRole">
    <ignored/>
  </testcase> <!-- checkEditlinkInPOTab -->
  <testcase name="CheckSubmitButtonWithoutSelectingStatus" time="0.0" classname="com.UnoPoint.TestCases.ViewTicketPageTestCaseOfSdRole">
    <ignored/>
  </testcase> <!-- CheckSubmitButtonWithoutSelectingStatus -->
  <testcase name="CheckInvalidTicketId" time="0.0" classname="com.UnoPoint.TestCases.ViewTicketPageTestCaseOfSdRole">
    <ignored/>
  </testcase> <!-- CheckInvalidTicketId -->
  <testcase name="SearchIdTextBoxBlankData" time="0.0" classname="com.UnoPoint.TestCases.ViewTicketPageTestCaseOfSdRole">
    <ignored/>
  </testcase> <!-- SearchIdTextBoxBlankData -->
  <testcase name="CheckNotificationWithSelectionInTechnicianCloseTab" time="0.0" classname="com.UnoPoint.TestCases.ViewTicketPageTestCaseOfSdRole">
    <ignored/>
  </testcase> <!-- CheckNotificationWithSelectionInTechnicianCloseTab -->
  <testcase name="DisplayNotificationWhenTicketPause" time="0.0" classname="com.UnoPoint.TestCases.ViewTicketPageTestCaseOfSdRole">
    <ignored/>
  </testcase> <!-- DisplayNotificationWhenTicketPause -->
  <testcase name="CheckSearchIdTextBox" time="0.0" classname="com.UnoPoint.TestCases.ViewTicketPageTestCaseOfSdRole">
    <ignored/>
  </testcase> <!-- CheckSearchIdTextBox -->
  <testcase name="MatchNotificationOfWithoutPartCode" time="0.0" classname="com.UnoPoint.TestCases.ViewTicketPageTestCaseOfSdRole">
    <ignored/>
  </testcase> <!-- MatchNotificationOfWithoutPartCode -->
  <testcase name="PauseTheTicketAutomatically" time="0.0" classname="com.UnoPoint.TestCases.ViewTicketPageTestCaseOfSdRole">
    <ignored/>
  </testcase> <!-- PauseTheTicketAutomatically -->
  <testcase name="CheckPartCodeFieldOfSpareDetailsPage" time="0.0" classname="com.UnoPoint.TestCases.ViewTicketPageTestCaseOfSdRole">
    <ignored/>
  </testcase> <!-- CheckPartCodeFieldOfSpareDetailsPage -->
  <testcase name="CheckCancelButton" time="0.0" classname="com.UnoPoint.TestCases.ViewTicketPageTestCaseOfSdRole">
    <ignored/>
  </testcase> <!-- CheckCancelButton -->
  <testcase name="selectCloseCTSFilterTextBox" time="0.0" classname="com.UnoPoint.TestCases.ViewTicketPageTestCaseOfSdRole">
    <ignored/>
  </testcase> <!-- selectCloseCTSFilterTextBox -->
  <testcase name="CheckNotificationWithoutSelectionInTechnicianCloseTab" time="0.0" classname="com.UnoPoint.TestCases.ViewTicketPageTestCaseOfSdRole">
    <ignored/>
  </testcase> <!-- CheckNotificationWithoutSelectionInTechnicianCloseTab -->
  <testcase name="CompareStateFilter" time="0.0" classname="com.UnoPoint.TestCases.ViewTicketPageTestCaseOfSdRole">
    <ignored/>
  </testcase> <!-- CompareStateFilter -->
  <testcase name="VerifyTSDfieldWithBlank" time="0.0" classname="com.UnoPoint.TestCases.ViewTicketPageTestCaseOfSdRole">
    <ignored/>
  </testcase> <!-- VerifyTSDfieldWithBlank -->
  <testcase name="checkReplaceSpareWithTab" time="0.0" classname="com.UnoPoint.TestCases.ViewTicketPageTestCaseOfSdRole">
    <ignored/>
  </testcase> <!-- checkReplaceSpareWithTab -->
  <testcase name="CheckWithoutSelectingActivityStatus" time="0.0" classname="com.UnoPoint.TestCases.ViewTicketPageTestCaseOfSdRole">
    <ignored/>
  </testcase> <!-- CheckWithoutSelectingActivityStatus -->
  <testcase name="CheckNotificationWithSelectionInSpareTab" time="0.0" classname="com.UnoPoint.TestCases.ViewTicketPageTestCaseOfSdRole">
    <ignored/>
  </testcase> <!-- CheckNotificationWithSelectionInSpareTab -->
  <testcase name="OpenPauseDetailsPage" time="0.0" classname="com.UnoPoint.TestCases.ViewTicketPageTestCaseOfSdRole">
    <ignored/>
  </testcase> <!-- OpenPauseDetailsPage -->
  <testcase name="displayFileUploadWindow" time="0.0" classname="com.UnoPoint.TestCases.ViewTicketPageTestCaseOfSdRole">
    <ignored/>
  </testcase> <!-- displayFileUploadWindow -->
  <testcase name="MatchAddActivityPopUp" time="0.0" classname="com.UnoPoint.TestCases.ViewTicketPageTestCaseOfSdRole">
    <ignored/>
  </testcase> <!-- MatchAddActivityPopUp -->
  <testcase name="CheckAlertPopupAfterCancel" time="0.0" classname="com.UnoPoint.TestCases.ViewTicketPageTestCaseOfSdRole">
    <ignored/>
  </testcase> <!-- CheckAlertPopupAfterCancel -->
  <testcase name="CheckATADateAndTimeWithIncidentDateAndTime" time="0.0" classname="com.UnoPoint.TestCases.ViewTicketPageTestCaseOfSdRole">
    <ignored/>
  </testcase> <!-- CheckATADateAndTimeWithIncidentDateAndTime -->
</testsuite> <!-- ETA and Technician Tab -->
